--- Environment Info (Sweep Run: 26) ---
Hostname: cn001
GPU Info:
Wed Apr 23 14:47:37 2025       
+---------------------------------------------------------------------------------------+
| NVIDIA-SMI 535.129.03             Driver Version: 535.129.03   CUDA Version: 12.2     |
|-----------------------------------------+----------------------+----------------------+
| GPU  Name                 Persistence-M | Bus-Id        Disp.A | Volatile Uncorr. ECC |
| Fan  Temp   Perf          Pwr:Usage/Cap |         Memory-Usage | GPU-Util  Compute M. |
|                                         |                      |               MIG M. |
|=========================================+======================+======================|
|   0  NVIDIA A100-PCIE-40GB          Off | 00000000:E2:00.0 Off |                    0 |
| N/A   30C    P0              33W / 250W |      4MiB / 40960MiB |      0%      Default |
|                                         |                      |             Disabled |
+-----------------------------------------+----------------------+----------------------+
                                                                                         
+---------------------------------------------------------------------------------------+
| Processes:                                                                            |
|  GPU   GI   CI        PID   Type   Process name                            GPU Memory |
|        ID   ID                                                             Usage      |
|=======================================================================================|
|  No running processes found                                                           |
+---------------------------------------------------------------------------------------+
CUDA Toolkit (nvcc):
nvcc not found
Loaded Modules:
Python Path: /home/md5121/.conda/envs/t2env/bin/python
PyTorch Info:
PyTorch Version: 1.10.2
CUDA available: True
CUDA version built with: 11.3
Device Count: 1
Current Device: 0
Device Name: NVIDIA A100-PCIE-40GB
Device Capability: (8, 0)
Arch List: ['sm_37', 'sm_50', 'sm_60', 'sm_61', 'sm_70', 'sm_75', 'sm_80', 'sm_86', 'compute_37']
-------------------------
no change     /share/apps/NYUAD5/miniconda/3-4.11.0/condabin/conda
no change     /share/apps/NYUAD5/miniconda/3-4.11.0/bin/conda
no change     /share/apps/NYUAD5/miniconda/3-4.11.0/bin/conda-env
no change     /share/apps/NYUAD5/miniconda/3-4.11.0/bin/activate
no change     /share/apps/NYUAD5/miniconda/3-4.11.0/bin/deactivate
no change     /share/apps/NYUAD5/miniconda/3-4.11.0/etc/profile.d/conda.sh
no change     /share/apps/NYUAD5/miniconda/3-4.11.0/etc/fish/conf.d/conda.fish
no change     /share/apps/NYUAD5/miniconda/3-4.11.0/shell/condabin/Conda.psm1
no change     /share/apps/NYUAD5/miniconda/3-4.11.0/shell/condabin/conda-hook.ps1
no change     /share/apps/NYUAD5/miniconda/3-4.11.0/lib/python3.9/site-packages/xontrib/conda.xsh
no change     /share/apps/NYUAD5/miniconda/3-4.11.0/etc/profile.d/conda.csh
no change     /home/md5121/.bashrc
No action taken.
Starting W&B agent (Sweep Run: 26)...
Using device: cuda
Python Paths: ['/scratch/md5121/okhatisathi/tacotron2', '/home/md5121/.conda/envs/t2env/lib/python36.zip', '/home/md5121/.conda/envs/t2env/lib/python3.6', '/home/md5121/.conda/envs/t2env/lib/python3.6/lib-dynload', '/home/md5121/.conda/envs/t2env/lib/python3.6/site-packages', '/home/md5121/.conda/envs/t2env/lib/python3.6/site-packages/IPython/extensions', '.']
Librosa version: 0.9.2
Base Output Directory for Sweeps: ./outdir_sweep
Training Files: ./filelists/train_list.txt
Validation Files: ./filelists/val_list.txt
Pretrained Checkpoint for Warm Start: tacotron2_statedict.pt
Successfully imported train function from train.py
Script started by W&B Agent (or directly without --test). Running sweep function...
--- Starting W&B Run: leafy-sweep-27 (ID: 5vow60m6) ---
Sweep Configuration for this run:
  Overriding hparams.batch_size: 32 -> 16
  Overriding hparams.early_stopping_patience: 10 -> 8
  Overriding hparams.learning_rate: 0.0001 -> 0.0001817235194245867
  Overriding hparams.p_attention_dropout: 0.1 -> 0.05
  Overriding hparams.p_decoder_dropout: 0.1 -> 0.05
  Overriding hparams.weight_decay: 1e-06 -> 8.099811076204743e-07
Run-specific Output Directory: ./outdir_sweep/5vow60m6

--- Final HParams for Training Run ---
  epochs: 200
  seed: 1234
  distributed_run: False
  n_gpus: 1
  rank: 0
  group_name: group_name
  cudnn_enabled: True
  cudnn_benchmark: False
  fp16_run: False
  load_mel_from_disk: False
  training_files: ./filelists/train_list.txt
  validation_files: ./filelists/val_list.txt
  text_cleaners: ['transliteration_cleaners']
  num_workers: 4
  pin_memory: True
  max_wav_value: 32768.0
  sampling_rate: 22050
  filter_length: 1024
  hop_length: 256
  win_length: 1024
  n_mel_channels: 80
  mel_fmin: 0.0
  mel_fmax: 8000.0
  n_symbols: 148
  symbols_embedding_dim: 512
  encoder_kernel_size: 5
  encoder_n_convolutions: 3
  encoder_embedding_dim: 512
  n_frames_per_step: 1
  decoder_rnn_dim: 1024
  prenet_dim: 256
  max_decoder_steps: 1000
  gate_threshold: 0.5
  p_attention_dropout: 0.05
  p_decoder_dropout: 0.05
  attention_rnn_dim: 1024
  attention_dim: 128
  attention_location_n_filters: 32
  attention_location_kernel_size: 31
  postnet_embedding_dim: 512
  postnet_kernel_size: 5
  postnet_n_convolutions: 5
  use_saved_learning_rate: False
  learning_rate: 0.0001817235194245867
  weight_decay: 8.099811076204743e-07
  grad_clip_thresh: 1.0
  batch_size: 16
  mask_padding: True
  log_interval: 100
  iters_per_checkpoint: 1000
  early_stopping_patience: 8
  min_val_loss_delta: 0.0001
  ignore_layers: ['embedding.weight']
--------------------------------------

Calling train function...
TensorBoard Log directory: ./outdir_sweep/5vow60m6/logs
Warm starting model from checkpoint 'tacotron2_statedict.pt'
  Applying warm start: Ignored 1 keys based on ignore_layers. Loading 83 keys.
Warm start complete. Optimizer and iteration count reset.
Starting training for 200 epochs...
--- Epoch: 0 ---
Train Iter: 0 Epoch: 0 [0/2367 (0%)]	Loss: 1.514606	Grad Norm: 12.201352	LR: 1.8E-04	Time: 6.19s/it
Train Iter: 100 Epoch: 0 [1600/2367 (68%)]	Loss: 0.520320	Grad Norm: 0.781297	LR: 1.8E-04	Time: 4.45s/it
--- Epoch 0 Summary ---
Average Training Loss: 0.669697
Average Grad Norm: 5.170092
Epoch Duration: 631.76s

--- Running Validation at Iteration 147 ---
Validation Loss: 0.492396 (Duration: 22.40s)
Saving model and optimizer state at iteration 147 to ./outdir_sweep/5vow60m6/checkpoint_147
Checkpoint saved: ./outdir_sweep/5vow60m6/checkpoint_147
Checking Early Stopping: Current Best Loss = inf, New Loss = 0.492396
Saving model and optimizer state at iteration 147 to ./outdir_sweep/5vow60m6/checkpoint_best_iter_147_loss_0.4924.pt
Checkpoint saved: ./outdir_sweep/5vow60m6/checkpoint_best_iter_147_loss_0.4924.pt
  Validation loss improved! New best: 0.492396. Saved best model: ./outdir_sweep/5vow60m6/checkpoint_best_iter_147_loss_0.4924.pt
--- Validation Complete ---
--- Epoch: 1 ---
Train Iter: 200 Epoch: 1 [848/2367 (36%)]	Loss: 0.510138	Grad Norm: 1.345460	LR: 1.8E-04	Time: 3.65s/it
--- Epoch 1 Summary ---
Average Training Loss: 0.527946
Average Grad Norm: 1.290512
Epoch Duration: 631.45s

--- Running Validation at Iteration 294 ---
Validation Loss: 0.457636 (Duration: 22.43s)
Saving model and optimizer state at iteration 294 to ./outdir_sweep/5vow60m6/checkpoint_294
Checkpoint saved: ./outdir_sweep/5vow60m6/checkpoint_294
Checking Early Stopping: Current Best Loss = 0.492396, New Loss = 0.457636
Saving model and optimizer state at iteration 294 to ./outdir_sweep/5vow60m6/checkpoint_best_iter_294_loss_0.4576.pt
Checkpoint saved: ./outdir_sweep/5vow60m6/checkpoint_best_iter_294_loss_0.4576.pt
  Validation loss improved! New best: 0.457636. Saved best model: ./outdir_sweep/5vow60m6/checkpoint_best_iter_294_loss_0.4576.pt
--- Validation Complete ---
--- Epoch: 2 ---
Train Iter: 300 Epoch: 2 [96/2367 (4%)]	Loss: 0.562920	Grad Norm: 0.638492	LR: 1.8E-04	Time: 4.92s/it
Train Iter: 400 Epoch: 2 [1696/2367 (72%)]	Loss: 0.545151	Grad Norm: 1.394375	LR: 1.8E-04	Time: 4.42s/it
--- Epoch 2 Summary ---
Average Training Loss: 0.497199
Average Grad Norm: 1.027009
Epoch Duration: 631.74s

--- Running Validation at Iteration 441 ---
Validation Loss: 0.441217 (Duration: 22.42s)
Saving model and optimizer state at iteration 441 to ./outdir_sweep/5vow60m6/checkpoint_441
Checkpoint saved: ./outdir_sweep/5vow60m6/checkpoint_441
Checking Early Stopping: Current Best Loss = 0.457636, New Loss = 0.441217
Saving model and optimizer state at iteration 441 to ./outdir_sweep/5vow60m6/checkpoint_best_iter_441_loss_0.4412.pt
Checkpoint saved: ./outdir_sweep/5vow60m6/checkpoint_best_iter_441_loss_0.4412.pt
  Validation loss improved! New best: 0.441217. Saved best model: ./outdir_sweep/5vow60m6/checkpoint_best_iter_441_loss_0.4412.pt
--- Validation Complete ---
--- Epoch: 3 ---
Train Iter: 500 Epoch: 3 [944/2367 (40%)]	Loss: 0.525756	Grad Norm: 1.471654	LR: 1.8E-04	Time: 3.64s/it
--- Epoch 3 Summary ---
Average Training Loss: 0.469668
Average Grad Norm: 1.032619
Epoch Duration: 641.76s

--- Running Validation at Iteration 588 ---
Validation Loss: 0.424461 (Duration: 22.38s)
Saving model and optimizer state at iteration 588 to ./outdir_sweep/5vow60m6/checkpoint_588
Checkpoint saved: ./outdir_sweep/5vow60m6/checkpoint_588
Checking Early Stopping: Current Best Loss = 0.441217, New Loss = 0.424461
Saving model and optimizer state at iteration 588 to ./outdir_sweep/5vow60m6/checkpoint_best_iter_588_loss_0.4245.pt
Checkpoint saved: ./outdir_sweep/5vow60m6/checkpoint_best_iter_588_loss_0.4245.pt
  Validation loss improved! New best: 0.424461. Saved best model: ./outdir_sweep/5vow60m6/checkpoint_best_iter_588_loss_0.4245.pt
--- Validation Complete ---
--- Epoch: 4 ---
Train Iter: 600 Epoch: 4 [192/2367 (8%)]	Loss: 0.368585	Grad Norm: 1.173621	LR: 1.8E-04	Time: 4.96s/it
Train Iter: 700 Epoch: 4 [1792/2367 (76%)]	Loss: 0.403500	Grad Norm: 0.838348	LR: 1.8E-04	Time: 4.79s/it
--- Epoch 4 Summary ---
Average Training Loss: 0.466253
Average Grad Norm: 0.935959
Epoch Duration: 628.81s

--- Running Validation at Iteration 735 ---
Validation Loss: 0.413200 (Duration: 22.45s)
Saving model and optimizer state at iteration 735 to ./outdir_sweep/5vow60m6/checkpoint_735
Checkpoint saved: ./outdir_sweep/5vow60m6/checkpoint_735
Checking Early Stopping: Current Best Loss = 0.424461, New Loss = 0.413200
Saving model and optimizer state at iteration 735 to ./outdir_sweep/5vow60m6/checkpoint_best_iter_735_loss_0.4132.pt
Checkpoint saved: ./outdir_sweep/5vow60m6/checkpoint_best_iter_735_loss_0.4132.pt
  Validation loss improved! New best: 0.413200. Saved best model: ./outdir_sweep/5vow60m6/checkpoint_best_iter_735_loss_0.4132.pt
--- Validation Complete ---
--- Epoch: 5 ---
Train Iter: 800 Epoch: 5 [1040/2367 (44%)]	Loss: 0.474237	Grad Norm: 0.969785	LR: 1.8E-04	Time: 4.49s/it
--- Epoch 5 Summary ---
Average Training Loss: 0.446386
Average Grad Norm: 0.915842
Epoch Duration: 635.89s

--- Running Validation at Iteration 882 ---
Validation Loss: 0.398254 (Duration: 22.42s)
Saving model and optimizer state at iteration 882 to ./outdir_sweep/5vow60m6/checkpoint_882
Checkpoint saved: ./outdir_sweep/5vow60m6/checkpoint_882
Checking Early Stopping: Current Best Loss = 0.413200, New Loss = 0.398254
Saving model and optimizer state at iteration 882 to ./outdir_sweep/5vow60m6/checkpoint_best_iter_882_loss_0.3983.pt
Checkpoint saved: ./outdir_sweep/5vow60m6/checkpoint_best_iter_882_loss_0.3983.pt
  Validation loss improved! New best: 0.398254. Saved best model: ./outdir_sweep/5vow60m6/checkpoint_best_iter_882_loss_0.3983.pt
--- Validation Complete ---
--- Epoch: 6 ---
Train Iter: 900 Epoch: 6 [288/2367 (12%)]	Loss: 0.431383	Grad Norm: 1.269592	LR: 1.8E-04	Time: 4.40s/it
Train Iter: 1000 Epoch: 6 [1888/2367 (80%)]	Loss: 0.410083	Grad Norm: 1.149414	LR: 1.8E-04	Time: 5.58s/it
--- Epoch 6 Summary ---
Average Training Loss: 0.433600
Average Grad Norm: 0.841843
Epoch Duration: 633.35s

--- Running Validation at Iteration 1029 ---
Validation Loss: 0.390717 (Duration: 22.60s)
Saving model and optimizer state at iteration 1029 to ./outdir_sweep/5vow60m6/checkpoint_1029
Checkpoint saved: ./outdir_sweep/5vow60m6/checkpoint_1029
Checking Early Stopping: Current Best Loss = 0.398254, New Loss = 0.390717
Saving model and optimizer state at iteration 1029 to ./outdir_sweep/5vow60m6/checkpoint_best_iter_1029_loss_0.3907.pt
Checkpoint saved: ./outdir_sweep/5vow60m6/checkpoint_best_iter_1029_loss_0.3907.pt
  Validation loss improved! New best: 0.390717. Saved best model: ./outdir_sweep/5vow60m6/checkpoint_best_iter_1029_loss_0.3907.pt
--- Validation Complete ---
--- Epoch: 7 ---
Train Iter: 1100 Epoch: 7 [1136/2367 (48%)]	Loss: 0.440968	Grad Norm: 0.589759	LR: 1.8E-04	Time: 4.46s/it
--- Epoch 7 Summary ---
Average Training Loss: 0.423941
Average Grad Norm: 0.828825
Epoch Duration: 630.97s

--- Running Validation at Iteration 1176 ---
Validation Loss: 0.386791 (Duration: 22.44s)
Saving model and optimizer state at iteration 1176 to ./outdir_sweep/5vow60m6/checkpoint_1176
Checkpoint saved: ./outdir_sweep/5vow60m6/checkpoint_1176
Checking Early Stopping: Current Best Loss = 0.390717, New Loss = 0.386791
Saving model and optimizer state at iteration 1176 to ./outdir_sweep/5vow60m6/checkpoint_best_iter_1176_loss_0.3868.pt
Checkpoint saved: ./outdir_sweep/5vow60m6/checkpoint_best_iter_1176_loss_0.3868.pt
  Validation loss improved! New best: 0.386791. Saved best model: ./outdir_sweep/5vow60m6/checkpoint_best_iter_1176_loss_0.3868.pt
--- Validation Complete ---
--- Epoch: 8 ---
Train Iter: 1200 Epoch: 8 [384/2367 (16%)]	Loss: 0.471049	Grad Norm: 0.496411	LR: 1.8E-04	Time: 4.03s/it
Train Iter: 1300 Epoch: 8 [1984/2367 (84%)]	Loss: 0.407738	Grad Norm: 0.660726	LR: 1.8E-04	Time: 4.30s/it
--- Epoch 8 Summary ---
Average Training Loss: 0.406980
Average Grad Norm: 0.809498
Epoch Duration: 642.87s

--- Running Validation at Iteration 1323 ---
Validation Loss: 0.377576 (Duration: 22.41s)
Saving model and optimizer state at iteration 1323 to ./outdir_sweep/5vow60m6/checkpoint_1323
Checkpoint saved: ./outdir_sweep/5vow60m6/checkpoint_1323
Checking Early Stopping: Current Best Loss = 0.386791, New Loss = 0.377576
Saving model and optimizer state at iteration 1323 to ./outdir_sweep/5vow60m6/checkpoint_best_iter_1323_loss_0.3776.pt
Checkpoint saved: ./outdir_sweep/5vow60m6/checkpoint_best_iter_1323_loss_0.3776.pt
  Validation loss improved! New best: 0.377576. Saved best model: ./outdir_sweep/5vow60m6/checkpoint_best_iter_1323_loss_0.3776.pt
--- Validation Complete ---
--- Epoch: 9 ---
Train Iter: 1400 Epoch: 9 [1232/2367 (52%)]	Loss: 0.447230	Grad Norm: 1.104945	LR: 1.8E-04	Time: 3.45s/it
--- Epoch 9 Summary ---
Average Training Loss: 0.402711
Average Grad Norm: 0.810020
Epoch Duration: 637.23s

--- Running Validation at Iteration 1470 ---
Validation Loss: 0.374366 (Duration: 22.42s)
Saving model and optimizer state at iteration 1470 to ./outdir_sweep/5vow60m6/checkpoint_1470
Checkpoint saved: ./outdir_sweep/5vow60m6/checkpoint_1470
Checking Early Stopping: Current Best Loss = 0.377576, New Loss = 0.374366
Saving model and optimizer state at iteration 1470 to ./outdir_sweep/5vow60m6/checkpoint_best_iter_1470_loss_0.3744.pt
Checkpoint saved: ./outdir_sweep/5vow60m6/checkpoint_best_iter_1470_loss_0.3744.pt
  Validation loss improved! New best: 0.374366. Saved best model: ./outdir_sweep/5vow60m6/checkpoint_best_iter_1470_loss_0.3744.pt
--- Validation Complete ---
--- Epoch: 10 ---
Train Iter: 1500 Epoch: 10 [480/2367 (20%)]	Loss: 0.355987	Grad Norm: 0.753307	LR: 1.8E-04	Time: 4.70s/it
Train Iter: 1600 Epoch: 10 [2080/2367 (88%)]	Loss: 0.360335	Grad Norm: 0.838967	LR: 1.8E-04	Time: 3.84s/it
--- Epoch 10 Summary ---
Average Training Loss: 0.400587
Average Grad Norm: 0.721259
Epoch Duration: 628.48s

--- Running Validation at Iteration 1617 ---
Validation Loss: 0.370858 (Duration: 22.44s)
Saving model and optimizer state at iteration 1617 to ./outdir_sweep/5vow60m6/checkpoint_1617
Checkpoint saved: ./outdir_sweep/5vow60m6/checkpoint_1617
Checking Early Stopping: Current Best Loss = 0.374366, New Loss = 0.370858
Saving model and optimizer state at iteration 1617 to ./outdir_sweep/5vow60m6/checkpoint_best_iter_1617_loss_0.3709.pt
Checkpoint saved: ./outdir_sweep/5vow60m6/checkpoint_best_iter_1617_loss_0.3709.pt
  Validation loss improved! New best: 0.370858. Saved best model: ./outdir_sweep/5vow60m6/checkpoint_best_iter_1617_loss_0.3709.pt
--- Validation Complete ---
--- Epoch: 11 ---
Train Iter: 1700 Epoch: 11 [1328/2367 (56%)]	Loss: 0.302449	Grad Norm: 0.669560	LR: 1.8E-04	Time: 5.08s/it
--- Epoch 11 Summary ---
Average Training Loss: 0.398014
Average Grad Norm: 0.710514
Epoch Duration: 624.84s

--- Running Validation at Iteration 1764 ---
Validation Loss: 0.369341 (Duration: 22.53s)
Saving model and optimizer state at iteration 1764 to ./outdir_sweep/5vow60m6/checkpoint_1764
Checkpoint saved: ./outdir_sweep/5vow60m6/checkpoint_1764
Checking Early Stopping: Current Best Loss = 0.370858, New Loss = 0.369341
Saving model and optimizer state at iteration 1764 to ./outdir_sweep/5vow60m6/checkpoint_best_iter_1764_loss_0.3693.pt
Checkpoint saved: ./outdir_sweep/5vow60m6/checkpoint_best_iter_1764_loss_0.3693.pt
  Validation loss improved! New best: 0.369341. Saved best model: ./outdir_sweep/5vow60m6/checkpoint_best_iter_1764_loss_0.3693.pt
--- Validation Complete ---
--- Epoch: 12 ---
Train Iter: 1800 Epoch: 12 [576/2367 (24%)]	Loss: 0.342210	Grad Norm: 1.104720	LR: 1.8E-04	Time: 5.63s/it
Train Iter: 1900 Epoch: 12 [2176/2367 (93%)]	Loss: 0.365285	Grad Norm: 0.495321	LR: 1.8E-04	Time: 4.89s/it
--- Epoch 12 Summary ---
Average Training Loss: 0.383527
Average Grad Norm: 0.816332
Epoch Duration: 636.45s

--- Running Validation at Iteration 1911 ---
Validation Loss: 0.364945 (Duration: 22.60s)
Saving model and optimizer state at iteration 1911 to ./outdir_sweep/5vow60m6/checkpoint_1911
Checkpoint saved: ./outdir_sweep/5vow60m6/checkpoint_1911
Checking Early Stopping: Current Best Loss = 0.369341, New Loss = 0.364945
Saving model and optimizer state at iteration 1911 to ./outdir_sweep/5vow60m6/checkpoint_best_iter_1911_loss_0.3649.pt
Checkpoint saved: ./outdir_sweep/5vow60m6/checkpoint_best_iter_1911_loss_0.3649.pt
  Validation loss improved! New best: 0.364945. Saved best model: ./outdir_sweep/5vow60m6/checkpoint_best_iter_1911_loss_0.3649.pt
--- Validation Complete ---
--- Epoch: 13 ---
Train Iter: 2000 Epoch: 13 [1424/2367 (61%)]	Loss: 0.331209	Grad Norm: 0.741258	LR: 1.8E-04	Time: 4.20s/it
--- Epoch 13 Summary ---
Average Training Loss: 0.378241
Average Grad Norm: 0.647574
Epoch Duration: 634.82s

--- Running Validation at Iteration 2058 ---
Validation Loss: 0.363527 (Duration: 22.47s)
Saving model and optimizer state at iteration 2058 to ./outdir_sweep/5vow60m6/checkpoint_2058
Checkpoint saved: ./outdir_sweep/5vow60m6/checkpoint_2058
Checking Early Stopping: Current Best Loss = 0.364945, New Loss = 0.363527
Saving model and optimizer state at iteration 2058 to ./outdir_sweep/5vow60m6/checkpoint_best_iter_2058_loss_0.3635.pt
Checkpoint saved: ./outdir_sweep/5vow60m6/checkpoint_best_iter_2058_loss_0.3635.pt
  Validation loss improved! New best: 0.363527. Saved best model: ./outdir_sweep/5vow60m6/checkpoint_best_iter_2058_loss_0.3635.pt
--- Validation Complete ---
--- Epoch: 14 ---
Train Iter: 2100 Epoch: 14 [672/2367 (29%)]	Loss: 0.369397	Grad Norm: 0.473936	LR: 1.8E-04	Time: 4.89s/it
Train Iter: 2200 Epoch: 14 [2272/2367 (97%)]	Loss: 0.418945	Grad Norm: 0.424007	LR: 1.8E-04	Time: 3.77s/it
--- Epoch 14 Summary ---
Average Training Loss: 0.378606
Average Grad Norm: 0.672240
Epoch Duration: 627.88s

--- Running Validation at Iteration 2205 ---
Validation Loss: 0.362776 (Duration: 22.41s)
Saving model and optimizer state at iteration 2205 to ./outdir_sweep/5vow60m6/checkpoint_2205
Checkpoint saved: ./outdir_sweep/5vow60m6/checkpoint_2205
Checking Early Stopping: Current Best Loss = 0.363527, New Loss = 0.362776
Saving model and optimizer state at iteration 2205 to ./outdir_sweep/5vow60m6/checkpoint_best_iter_2205_loss_0.3628.pt
Checkpoint saved: ./outdir_sweep/5vow60m6/checkpoint_best_iter_2205_loss_0.3628.pt
  Validation loss improved! New best: 0.362776. Saved best model: ./outdir_sweep/5vow60m6/checkpoint_best_iter_2205_loss_0.3628.pt
--- Validation Complete ---
--- Epoch: 15 ---
Train Iter: 2300 Epoch: 15 [1520/2367 (65%)]	Loss: 0.447328	Grad Norm: 0.482383	LR: 1.8E-04	Time: 3.36s/it
--- Epoch 15 Summary ---
Average Training Loss: 0.370936
Average Grad Norm: 0.690041
Epoch Duration: 635.09s

--- Running Validation at Iteration 2352 ---
Validation Loss: 0.360922 (Duration: 22.54s)
Saving model and optimizer state at iteration 2352 to ./outdir_sweep/5vow60m6/checkpoint_2352
Checkpoint saved: ./outdir_sweep/5vow60m6/checkpoint_2352
Checking Early Stopping: Current Best Loss = 0.362776, New Loss = 0.360922
Saving model and optimizer state at iteration 2352 to ./outdir_sweep/5vow60m6/checkpoint_best_iter_2352_loss_0.3609.pt
Checkpoint saved: ./outdir_sweep/5vow60m6/checkpoint_best_iter_2352_loss_0.3609.pt
  Validation loss improved! New best: 0.360922. Saved best model: ./outdir_sweep/5vow60m6/checkpoint_best_iter_2352_loss_0.3609.pt
--- Validation Complete ---
--- Epoch: 16 ---
Train Iter: 2400 Epoch: 16 [768/2367 (33%)]	Loss: 0.418670	Grad Norm: 1.502360	LR: 1.8E-04	Time: 4.92s/it
--- Epoch 16 Summary ---
Average Training Loss: 0.370558
Average Grad Norm: 0.724105
Epoch Duration: 626.81s

--- Running Validation at Iteration 2499 ---
Validation Loss: 0.361958 (Duration: 22.40s)
Saving model and optimizer state at iteration 2499 to ./outdir_sweep/5vow60m6/checkpoint_2499
Checkpoint saved: ./outdir_sweep/5vow60m6/checkpoint_2499
Checking Early Stopping: Current Best Loss = 0.360922, New Loss = 0.361958
  Validation loss did not improve significantly (1/8).
--- Validation Complete ---
--- Epoch: 17 ---
Train Iter: 2500 Epoch: 17 [16/2367 (1%)]	Loss: 0.311801	Grad Norm: 0.509737	LR: 1.8E-04	Time: 4.65s/it
Train Iter: 2600 Epoch: 17 [1616/2367 (69%)]	Loss: 0.380402	Grad Norm: 0.754622	LR: 1.8E-04	Time: 4.24s/it
--- Epoch 17 Summary ---
Average Training Loss: 0.360366
Average Grad Norm: 0.750588
Epoch Duration: 639.72s

--- Running Validation at Iteration 2646 ---
Validation Loss: 0.361594 (Duration: 22.39s)
Saving model and optimizer state at iteration 2646 to ./outdir_sweep/5vow60m6/checkpoint_2646
Checkpoint saved: ./outdir_sweep/5vow60m6/checkpoint_2646
Checking Early Stopping: Current Best Loss = 0.360922, New Loss = 0.361594
  Validation loss did not improve significantly (2/8).
--- Validation Complete ---
--- Epoch: 18 ---
Train Iter: 2700 Epoch: 18 [864/2367 (37%)]	Loss: 0.429689	Grad Norm: 0.647093	LR: 1.8E-04	Time: 4.15s/it
--- Epoch 18 Summary ---
Average Training Loss: 0.360789
Average Grad Norm: 0.620082
Epoch Duration: 632.99s

--- Running Validation at Iteration 2793 ---
Validation Loss: 0.360068 (Duration: 22.34s)
Saving model and optimizer state at iteration 2793 to ./outdir_sweep/5vow60m6/checkpoint_2793
Checkpoint saved: ./outdir_sweep/5vow60m6/checkpoint_2793
Checking Early Stopping: Current Best Loss = 0.360922, New Loss = 0.360068
Saving model and optimizer state at iteration 2793 to ./outdir_sweep/5vow60m6/checkpoint_best_iter_2793_loss_0.3601.pt
Checkpoint saved: ./outdir_sweep/5vow60m6/checkpoint_best_iter_2793_loss_0.3601.pt
  Validation loss improved! New best: 0.360068. Saved best model: ./outdir_sweep/5vow60m6/checkpoint_best_iter_2793_loss_0.3601.pt
--- Validation Complete ---
--- Epoch: 19 ---
Train Iter: 2800 Epoch: 19 [112/2367 (5%)]	Loss: 0.368355	Grad Norm: 0.628635	LR: 1.8E-04	Time: 3.66s/it
Train Iter: 2900 Epoch: 19 [1712/2367 (73%)]	Loss: 0.372794	Grad Norm: 0.455869	LR: 1.8E-04	Time: 4.95s/it
--- Epoch 19 Summary ---
Average Training Loss: 0.352004
Average Grad Norm: 0.558721
Epoch Duration: 640.75s

--- Running Validation at Iteration 2940 ---
Validation Loss: 0.359772 (Duration: 22.44s)
Saving model and optimizer state at iteration 2940 to ./outdir_sweep/5vow60m6/checkpoint_2940
Checkpoint saved: ./outdir_sweep/5vow60m6/checkpoint_2940
Checking Early Stopping: Current Best Loss = 0.360068, New Loss = 0.359772
Saving model and optimizer state at iteration 2940 to ./outdir_sweep/5vow60m6/checkpoint_best_iter_2940_loss_0.3598.pt
Checkpoint saved: ./outdir_sweep/5vow60m6/checkpoint_best_iter_2940_loss_0.3598.pt
  Validation loss improved! New best: 0.359772. Saved best model: ./outdir_sweep/5vow60m6/checkpoint_best_iter_2940_loss_0.3598.pt
--- Validation Complete ---
--- Epoch: 20 ---
Train Iter: 3000 Epoch: 20 [960/2367 (41%)]	Loss: 0.433654	Grad Norm: 0.449860	LR: 1.8E-04	Time: 3.46s/it
--- Epoch 20 Summary ---
Average Training Loss: 0.355226
Average Grad Norm: 0.671561
Epoch Duration: 633.35s

--- Running Validation at Iteration 3087 ---
Validation Loss: 0.358281 (Duration: 22.32s)
Saving model and optimizer state at iteration 3087 to ./outdir_sweep/5vow60m6/checkpoint_3087
Checkpoint saved: ./outdir_sweep/5vow60m6/checkpoint_3087
Checking Early Stopping: Current Best Loss = 0.359772, New Loss = 0.358281
Saving model and optimizer state at iteration 3087 to ./outdir_sweep/5vow60m6/checkpoint_best_iter_3087_loss_0.3583.pt
Checkpoint saved: ./outdir_sweep/5vow60m6/checkpoint_best_iter_3087_loss_0.3583.pt
  Validation loss improved! New best: 0.358281. Saved best model: ./outdir_sweep/5vow60m6/checkpoint_best_iter_3087_loss_0.3583.pt
--- Validation Complete ---
--- Epoch: 21 ---
Train Iter: 3100 Epoch: 21 [208/2367 (9%)]	Loss: 0.432923	Grad Norm: 0.789187	LR: 1.8E-04	Time: 3.26s/it
Train Iter: 3200 Epoch: 21 [1808/2367 (77%)]	Loss: 0.365323	Grad Norm: 0.409811	LR: 1.8E-04	Time: 3.57s/it
--- Epoch 21 Summary ---
Average Training Loss: 0.347557
Average Grad Norm: 0.520283
Epoch Duration: 635.05s

--- Running Validation at Iteration 3234 ---
Validation Loss: 0.356056 (Duration: 22.55s)
Saving model and optimizer state at iteration 3234 to ./outdir_sweep/5vow60m6/checkpoint_3234
Checkpoint saved: ./outdir_sweep/5vow60m6/checkpoint_3234
Checking Early Stopping: Current Best Loss = 0.358281, New Loss = 0.356056
Saving model and optimizer state at iteration 3234 to ./outdir_sweep/5vow60m6/checkpoint_best_iter_3234_loss_0.3561.pt
Checkpoint saved: ./outdir_sweep/5vow60m6/checkpoint_best_iter_3234_loss_0.3561.pt
  Validation loss improved! New best: 0.356056. Saved best model: ./outdir_sweep/5vow60m6/checkpoint_best_iter_3234_loss_0.3561.pt
--- Validation Complete ---
--- Epoch: 22 ---
Train Iter: 3300 Epoch: 22 [1056/2367 (45%)]	Loss: 0.361638	Grad Norm: 0.885865	LR: 1.8E-04	Time: 4.45s/it
--- Epoch 22 Summary ---
Average Training Loss: 0.345645
Average Grad Norm: 0.607777
Epoch Duration: 633.75s

--- Running Validation at Iteration 3381 ---
Validation Loss: 0.359379 (Duration: 22.40s)
Saving model and optimizer state at iteration 3381 to ./outdir_sweep/5vow60m6/checkpoint_3381
Checkpoint saved: ./outdir_sweep/5vow60m6/checkpoint_3381
Checking Early Stopping: Current Best Loss = 0.356056, New Loss = 0.359379
  Validation loss did not improve significantly (1/8).
--- Validation Complete ---
--- Epoch: 23 ---
Train Iter: 3400 Epoch: 23 [304/2367 (13%)]	Loss: 0.290732	Grad Norm: 0.431058	LR: 1.8E-04	Time: 5.12s/it
Train Iter: 3500 Epoch: 23 [1904/2367 (81%)]	Loss: 0.342434	Grad Norm: 0.517669	LR: 1.8E-04	Time: 4.57s/it
--- Epoch 23 Summary ---
Average Training Loss: 0.342430
Average Grad Norm: 0.579271
Epoch Duration: 632.24s

--- Running Validation at Iteration 3528 ---
Validation Loss: 0.357349 (Duration: 22.49s)
Saving model and optimizer state at iteration 3528 to ./outdir_sweep/5vow60m6/checkpoint_3528
Checkpoint saved: ./outdir_sweep/5vow60m6/checkpoint_3528
Checking Early Stopping: Current Best Loss = 0.356056, New Loss = 0.357349
  Validation loss did not improve significantly (2/8).
--- Validation Complete ---
--- Epoch: 24 ---
Train Iter: 3600 Epoch: 24 [1152/2367 (49%)]	Loss: 0.314323	Grad Norm: 0.312475	LR: 1.8E-04	Time: 4.15s/it
--- Epoch 24 Summary ---
Average Training Loss: 0.334163
Average Grad Norm: 0.518076
Epoch Duration: 641.30s

--- Running Validation at Iteration 3675 ---
Validation Loss: 0.358993 (Duration: 22.44s)
Saving model and optimizer state at iteration 3675 to ./outdir_sweep/5vow60m6/checkpoint_3675
Checkpoint saved: ./outdir_sweep/5vow60m6/checkpoint_3675
Checking Early Stopping: Current Best Loss = 0.356056, New Loss = 0.358993
  Validation loss did not improve significantly (3/8).
--- Validation Complete ---
--- Epoch: 25 ---
Train Iter: 3700 Epoch: 25 [400/2367 (17%)]	Loss: 0.351433	Grad Norm: 0.632133	LR: 1.8E-04	Time: 3.93s/it
Train Iter: 3800 Epoch: 25 [2000/2367 (85%)]	Loss: 0.352458	Grad Norm: 0.499766	LR: 1.8E-04	Time: 4.44s/it
--- Epoch 25 Summary ---
Average Training Loss: 0.340085
Average Grad Norm: 0.482285
Epoch Duration: 629.32s

--- Running Validation at Iteration 3822 ---
Validation Loss: 0.357787 (Duration: 22.37s)
Saving model and optimizer state at iteration 3822 to ./outdir_sweep/5vow60m6/checkpoint_3822
Checkpoint saved: ./outdir_sweep/5vow60m6/checkpoint_3822
Checking Early Stopping: Current Best Loss = 0.356056, New Loss = 0.357787
  Validation loss did not improve significantly (4/8).
--- Validation Complete ---
--- Epoch: 26 ---
Train Iter: 3900 Epoch: 26 [1248/2367 (53%)]	Loss: 0.391694	Grad Norm: 0.425585	LR: 1.8E-04	Time: 2.93s/it
--- Epoch 26 Summary ---
Average Training Loss: 0.334562
Average Grad Norm: 0.532695
Epoch Duration: 634.23s

--- Running Validation at Iteration 3969 ---
Validation Loss: 0.355942 (Duration: 22.44s)
Saving model and optimizer state at iteration 3969 to ./outdir_sweep/5vow60m6/checkpoint_3969
Checkpoint saved: ./outdir_sweep/5vow60m6/checkpoint_3969
Checking Early Stopping: Current Best Loss = 0.356056, New Loss = 0.355942
Saving model and optimizer state at iteration 3969 to ./outdir_sweep/5vow60m6/checkpoint_best_iter_3969_loss_0.3559.pt
Checkpoint saved: ./outdir_sweep/5vow60m6/checkpoint_best_iter_3969_loss_0.3559.pt
  Validation loss improved! New best: 0.355942. Saved best model: ./outdir_sweep/5vow60m6/checkpoint_best_iter_3969_loss_0.3559.pt
--- Validation Complete ---
--- Epoch: 27 ---
Train Iter: 4000 Epoch: 27 [496/2367 (21%)]	Loss: 0.323870	Grad Norm: 0.886247	LR: 1.8E-04	Time: 4.79s/it
Train Iter: 4100 Epoch: 27 [2096/2367 (89%)]	Loss: 0.370569	Grad Norm: 0.524478	LR: 1.8E-04	Time: 3.48s/it
--- Epoch 27 Summary ---
Average Training Loss: 0.335383
Average Grad Norm: 0.526940
Epoch Duration: 626.54s

--- Running Validation at Iteration 4116 ---
Validation Loss: 0.358142 (Duration: 22.47s)
Saving model and optimizer state at iteration 4116 to ./outdir_sweep/5vow60m6/checkpoint_4116
Checkpoint saved: ./outdir_sweep/5vow60m6/checkpoint_4116
Checking Early Stopping: Current Best Loss = 0.355942, New Loss = 0.358142
  Validation loss did not improve significantly (1/8).
--- Validation Complete ---
--- Epoch: 28 ---
Train Iter: 4200 Epoch: 28 [1344/2367 (57%)]	Loss: 0.341481	Grad Norm: 0.360535	LR: 1.8E-04	Time: 3.93s/it
--- Epoch 28 Summary ---
Average Training Loss: 0.329574
Average Grad Norm: 0.498460
Epoch Duration: 634.16s

--- Running Validation at Iteration 4263 ---
Validation Loss: 0.359754 (Duration: 22.41s)
Saving model and optimizer state at iteration 4263 to ./outdir_sweep/5vow60m6/checkpoint_4263
Checkpoint saved: ./outdir_sweep/5vow60m6/checkpoint_4263
Checking Early Stopping: Current Best Loss = 0.355942, New Loss = 0.359754
  Validation loss did not improve significantly (2/8).
--- Validation Complete ---
--- Epoch: 29 ---
Train Iter: 4300 Epoch: 29 [592/2367 (25%)]	Loss: 0.297214	Grad Norm: 0.308102	LR: 1.8E-04	Time: 5.05s/it
Train Iter: 4400 Epoch: 29 [2192/2367 (93%)]	Loss: 0.321986	Grad Norm: 0.340045	LR: 1.8E-04	Time: 4.70s/it
--- Epoch 29 Summary ---
Average Training Loss: 0.325480
Average Grad Norm: 0.513766
Epoch Duration: 636.77s

--- Running Validation at Iteration 4410 ---
Validation Loss: 0.358623 (Duration: 22.50s)
Saving model and optimizer state at iteration 4410 to ./outdir_sweep/5vow60m6/checkpoint_4410
Checkpoint saved: ./outdir_sweep/5vow60m6/checkpoint_4410
Checking Early Stopping: Current Best Loss = 0.355942, New Loss = 0.358623
  Validation loss did not improve significantly (3/8).
--- Validation Complete ---
--- Epoch: 30 ---
Train Iter: 4500 Epoch: 30 [1440/2367 (61%)]	Loss: 0.344530	Grad Norm: 0.536267	LR: 1.8E-04	Time: 4.25s/it
--- Epoch 30 Summary ---
Average Training Loss: 0.323763
Average Grad Norm: 0.550033
Epoch Duration: 636.41s

--- Running Validation at Iteration 4557 ---
Validation Loss: 0.358677 (Duration: 22.40s)
Saving model and optimizer state at iteration 4557 to ./outdir_sweep/5vow60m6/checkpoint_4557
Checkpoint saved: ./outdir_sweep/5vow60m6/checkpoint_4557
Checking Early Stopping: Current Best Loss = 0.355942, New Loss = 0.358677
  Validation loss did not improve significantly (4/8).
--- Validation Complete ---
--- Epoch: 31 ---
Train Iter: 4600 Epoch: 31 [688/2367 (29%)]	Loss: 0.316795	Grad Norm: 0.688658	LR: 1.8E-04	Time: 4.41s/it
Train Iter: 4700 Epoch: 31 [2288/2367 (97%)]	Loss: 0.279846	Grad Norm: 0.453924	LR: 1.8E-04	Time: 5.05s/it
--- Epoch 31 Summary ---
Average Training Loss: 0.322965
Average Grad Norm: 0.501088
Epoch Duration: 631.08s

--- Running Validation at Iteration 4704 ---
Validation Loss: 0.362423 (Duration: 22.39s)
Saving model and optimizer state at iteration 4704 to ./outdir_sweep/5vow60m6/checkpoint_4704
Checkpoint saved: ./outdir_sweep/5vow60m6/checkpoint_4704
Checking Early Stopping: Current Best Loss = 0.355942, New Loss = 0.362423
  Validation loss did not improve significantly (5/8).
--- Validation Complete ---
--- Epoch: 32 ---
Train Iter: 4800 Epoch: 32 [1536/2367 (65%)]	Loss: 0.321899	Grad Norm: 0.717367	LR: 1.8E-04	Time: 3.84s/it
--- Epoch 32 Summary ---
Average Training Loss: 0.325030
Average Grad Norm: 0.477783
Epoch Duration: 629.39s

--- Running Validation at Iteration 4851 ---
Validation Loss: 0.364933 (Duration: 22.42s)
Saving model and optimizer state at iteration 4851 to ./outdir_sweep/5vow60m6/checkpoint_4851
Checkpoint saved: ./outdir_sweep/5vow60m6/checkpoint_4851
Checking Early Stopping: Current Best Loss = 0.355942, New Loss = 0.364933
  Validation loss did not improve significantly (6/8).
--- Validation Complete ---
--- Epoch: 33 ---
Train Iter: 4900 Epoch: 33 [784/2367 (33%)]	Loss: 0.337241	Grad Norm: 0.876171	LR: 1.8E-04	Time: 4.33s/it
--- Epoch 33 Summary ---
Average Training Loss: 0.319795
Average Grad Norm: 0.505004
Epoch Duration: 632.99s

--- Running Validation at Iteration 4998 ---
Validation Loss: 0.363015 (Duration: 22.37s)
Saving model and optimizer state at iteration 4998 to ./outdir_sweep/5vow60m6/checkpoint_4998
Checkpoint saved: ./outdir_sweep/5vow60m6/checkpoint_4998
Checking Early Stopping: Current Best Loss = 0.355942, New Loss = 0.363015
  Validation loss did not improve significantly (7/8).
--- Validation Complete ---
--- Epoch: 34 ---
Train Iter: 5000 Epoch: 34 [32/2367 (1%)]	Loss: 0.339803	Grad Norm: 0.535932	LR: 1.8E-04	Time: 3.59s/it
Train Iter: 5100 Epoch: 34 [1632/2367 (69%)]	Loss: 0.366344	Grad Norm: 0.525485	LR: 1.8E-04	Time: 3.17s/it
--- Epoch 34 Summary ---
Average Training Loss: 0.320596
Average Grad Norm: 0.518655
Epoch Duration: 627.90s

--- Running Validation at Iteration 5145 ---
Validation Loss: 0.366080 (Duration: 22.55s)
Saving model and optimizer state at iteration 5145 to ./outdir_sweep/5vow60m6/checkpoint_5145
Checkpoint saved: ./outdir_sweep/5vow60m6/checkpoint_5145
Checking Early Stopping: Current Best Loss = 0.355942, New Loss = 0.366080
  Validation loss did not improve significantly (8/8).
--- EARLY STOPPING TRIGGERED after 8 checks without improvement. ---
Epoch: 34, Iteration: 5145. Best Validation Loss: 0.355942
Best model saved at: ./outdir_sweep/5vow60m6/checkpoint_best_iter_3969_loss_0.3559.pt

=============== Training Finished ===============
Total Training Time: 22984.03s
Final best model checkpoint saved at: ./outdir_sweep/5vow60m6/checkpoint_best_iter_3969_loss_0.3559.pt
Saving model and optimizer state at iteration 5145 to ./outdir_sweep/5vow60m6/checkpoint_final_5145.pt
Checkpoint saved: ./outdir_sweep/5vow60m6/checkpoint_final_5145.pt
Final model state saved at: ./outdir_sweep/5vow60m6/checkpoint_final_5145.pt
=================================================

--- W&B Run leafy-sweep-27 Finished Successfully ---
--- W&B Run leafy-sweep-27 Finalized ---
W&B Agent (Sweep Run: 26) finished.
Sweep Run 26 completed at: Wed Apr 23 21:11:20 +04 2025
