--- Environment Info (Sweep Run: 11) ---
Hostname: cn002
GPU Info:
Mon Apr 21 16:04:29 2025       
+---------------------------------------------------------------------------------------+
| NVIDIA-SMI 535.129.03             Driver Version: 535.129.03   CUDA Version: 12.2     |
|-----------------------------------------+----------------------+----------------------+
| GPU  Name                 Persistence-M | Bus-Id        Disp.A | Volatile Uncorr. ECC |
| Fan  Temp   Perf          Pwr:Usage/Cap |         Memory-Usage | GPU-Util  Compute M. |
|                                         |                      |               MIG M. |
|=========================================+======================+======================|
|   0  NVIDIA A100-PCIE-40GB          Off | 00000000:25:00.0 Off |                    0 |
| N/A   30C    P0              35W / 250W |      4MiB / 40960MiB |      0%      Default |
|                                         |                      |             Disabled |
+-----------------------------------------+----------------------+----------------------+
                                                                                         
+---------------------------------------------------------------------------------------+
| Processes:                                                                            |
|  GPU   GI   CI        PID   Type   Process name                            GPU Memory |
|        ID   ID                                                             Usage      |
|=======================================================================================|
|  No running processes found                                                           |
+---------------------------------------------------------------------------------------+
CUDA Toolkit (nvcc):
nvcc not found
Loaded Modules:
Python Path: /home/md5121/.conda/envs/t2env/bin/python
PyTorch Info:
PyTorch Version: 1.10.2
CUDA available: True
CUDA version built with: 11.3
Device Count: 1
Current Device: 0
Device Name: NVIDIA A100-PCIE-40GB
Device Capability: (8, 0)
Arch List: ['sm_37', 'sm_50', 'sm_60', 'sm_61', 'sm_70', 'sm_75', 'sm_80', 'sm_86', 'compute_37']
-------------------------
no change     /share/apps/NYUAD5/miniconda/3-4.11.0/condabin/conda
no change     /share/apps/NYUAD5/miniconda/3-4.11.0/bin/conda
no change     /share/apps/NYUAD5/miniconda/3-4.11.0/bin/conda-env
no change     /share/apps/NYUAD5/miniconda/3-4.11.0/bin/activate
no change     /share/apps/NYUAD5/miniconda/3-4.11.0/bin/deactivate
no change     /share/apps/NYUAD5/miniconda/3-4.11.0/etc/profile.d/conda.sh
no change     /share/apps/NYUAD5/miniconda/3-4.11.0/etc/fish/conf.d/conda.fish
no change     /share/apps/NYUAD5/miniconda/3-4.11.0/shell/condabin/Conda.psm1
no change     /share/apps/NYUAD5/miniconda/3-4.11.0/shell/condabin/conda-hook.ps1
no change     /share/apps/NYUAD5/miniconda/3-4.11.0/lib/python3.9/site-packages/xontrib/conda.xsh
no change     /share/apps/NYUAD5/miniconda/3-4.11.0/etc/profile.d/conda.csh
no change     /home/md5121/.bashrc
No action taken.
Starting W&B agent (Sweep Run: 11)...
Using device: cuda
Python Paths: ['/scratch/md5121/okhatisathi/tacotron2', '/home/md5121/.conda/envs/t2env/lib/python36.zip', '/home/md5121/.conda/envs/t2env/lib/python3.6', '/home/md5121/.conda/envs/t2env/lib/python3.6/lib-dynload', '/home/md5121/.conda/envs/t2env/lib/python3.6/site-packages', '/home/md5121/.conda/envs/t2env/lib/python3.6/site-packages/IPython/extensions', '.']
Librosa version: 0.9.2
Base Output Directory for Sweeps: ./outdir_sweep
Training Files: ./filelists/train_list.txt
Validation Files: ./filelists/val_list.txt
Pretrained Checkpoint for Warm Start: tacotron2_statedict.pt
Successfully imported train function from train.py
Script started by W&B Agent (or directly without --test). Running sweep function...
--- Starting W&B Run: olive-sweep-12 (ID: yk8jpwf1) ---
Sweep Configuration for this run:
  Overriding hparams.batch_size: 32 -> 16
  Overriding hparams.early_stopping_patience: 10 -> 10
  Overriding hparams.learning_rate: 0.0001 -> 3.280342343898514e-05
  Overriding hparams.p_attention_dropout: 0.1 -> 0.05
  Overriding hparams.p_decoder_dropout: 0.1 -> 0.1
  Overriding hparams.weight_decay: 1e-06 -> 1.1904828530905322e-06
Run-specific Output Directory: ./outdir_sweep/yk8jpwf1

--- Final HParams for Training Run ---
  epochs: 200
  seed: 1234
  distributed_run: False
  n_gpus: 1
  rank: 0
  group_name: group_name
  cudnn_enabled: True
  cudnn_benchmark: False
  fp16_run: False
  load_mel_from_disk: False
  training_files: ./filelists/train_list.txt
  validation_files: ./filelists/val_list.txt
  text_cleaners: ['transliteration_cleaners']
  num_workers: 4
  pin_memory: True
  max_wav_value: 32768.0
  sampling_rate: 22050
  filter_length: 1024
  hop_length: 256
  win_length: 1024
  n_mel_channels: 80
  mel_fmin: 0.0
  mel_fmax: 8000.0
  n_symbols: 148
  symbols_embedding_dim: 512
  encoder_kernel_size: 5
  encoder_n_convolutions: 3
  encoder_embedding_dim: 512
  n_frames_per_step: 1
  decoder_rnn_dim: 1024
  prenet_dim: 256
  max_decoder_steps: 1000
  gate_threshold: 0.5
  p_attention_dropout: 0.05
  p_decoder_dropout: 0.1
  attention_rnn_dim: 1024
  attention_dim: 128
  attention_location_n_filters: 32
  attention_location_kernel_size: 31
  postnet_embedding_dim: 512
  postnet_kernel_size: 5
  postnet_n_convolutions: 5
  use_saved_learning_rate: False
  learning_rate: 3.280342343898514e-05
  weight_decay: 1.1904828530905322e-06
  grad_clip_thresh: 1.0
  batch_size: 16
  mask_padding: True
  log_interval: 100
  iters_per_checkpoint: 1000
  early_stopping_patience: 10
  min_val_loss_delta: 0.0001
  ignore_layers: ['embedding.weight']
--------------------------------------

Calling train function...
TensorBoard Log directory: ./outdir_sweep/yk8jpwf1/logs
Warm starting model from checkpoint 'tacotron2_statedict.pt'
  Applying warm start: Ignored 1 keys based on ignore_layers. Loading 83 keys.
Warm start complete. Optimizer and iteration count reset.
Starting training for 200 epochs...
--- Epoch: 0 ---
Train Iter: 0 Epoch: 0 [0/2367 (0%)]	Loss: 1.528088	Grad Norm: 12.123941	LR: 3.3E-05	Time: 6.19s/it
Train Iter: 100 Epoch: 0 [1600/2367 (68%)]	Loss: 0.597152	Grad Norm: 1.166308	LR: 3.3E-05	Time: 4.48s/it
--- Epoch 0 Summary ---
Average Training Loss: 0.803463
Average Grad Norm: 3.237195
Epoch Duration: 636.14s

--- Running Validation at Iteration 147 ---
Validation Loss: 0.583656 (Duration: 22.54s)
Saving model and optimizer state at iteration 147 to ./outdir_sweep/yk8jpwf1/checkpoint_147
Checkpoint saved: ./outdir_sweep/yk8jpwf1/checkpoint_147
Checking Early Stopping: Current Best Loss = inf, New Loss = 0.583656
Saving model and optimizer state at iteration 147 to ./outdir_sweep/yk8jpwf1/checkpoint_best_iter_147_loss_0.5837.pt
Checkpoint saved: ./outdir_sweep/yk8jpwf1/checkpoint_best_iter_147_loss_0.5837.pt
  Validation loss improved! New best: 0.583656. Saved best model: ./outdir_sweep/yk8jpwf1/checkpoint_best_iter_147_loss_0.5837.pt
--- Validation Complete ---
--- Epoch: 1 ---
Train Iter: 200 Epoch: 1 [848/2367 (36%)]	Loss: 0.585939	Grad Norm: 0.957625	LR: 3.3E-05	Time: 3.67s/it
--- Epoch 1 Summary ---
Average Training Loss: 0.612347
Average Grad Norm: 1.054870
Epoch Duration: 634.99s

--- Running Validation at Iteration 294 ---
Validation Loss: 0.530662 (Duration: 22.80s)
Saving model and optimizer state at iteration 294 to ./outdir_sweep/yk8jpwf1/checkpoint_294
Checkpoint saved: ./outdir_sweep/yk8jpwf1/checkpoint_294
Checking Early Stopping: Current Best Loss = 0.583656, New Loss = 0.530662
Saving model and optimizer state at iteration 294 to ./outdir_sweep/yk8jpwf1/checkpoint_best_iter_294_loss_0.5307.pt
Checkpoint saved: ./outdir_sweep/yk8jpwf1/checkpoint_best_iter_294_loss_0.5307.pt
  Validation loss improved! New best: 0.530662. Saved best model: ./outdir_sweep/yk8jpwf1/checkpoint_best_iter_294_loss_0.5307.pt
--- Validation Complete ---
--- Epoch: 2 ---
Train Iter: 300 Epoch: 2 [96/2367 (4%)]	Loss: 0.656458	Grad Norm: 1.146759	LR: 3.3E-05	Time: 4.98s/it
Train Iter: 400 Epoch: 2 [1696/2367 (72%)]	Loss: 0.615835	Grad Norm: 0.923916	LR: 3.3E-05	Time: 4.46s/it
--- Epoch 2 Summary ---
Average Training Loss: 0.576073
Average Grad Norm: 1.016714
Epoch Duration: 636.44s

--- Running Validation at Iteration 441 ---
Validation Loss: 0.508892 (Duration: 22.48s)
Saving model and optimizer state at iteration 441 to ./outdir_sweep/yk8jpwf1/checkpoint_441
Checkpoint saved: ./outdir_sweep/yk8jpwf1/checkpoint_441
Checking Early Stopping: Current Best Loss = 0.530662, New Loss = 0.508892
Saving model and optimizer state at iteration 441 to ./outdir_sweep/yk8jpwf1/checkpoint_best_iter_441_loss_0.5089.pt
Checkpoint saved: ./outdir_sweep/yk8jpwf1/checkpoint_best_iter_441_loss_0.5089.pt
  Validation loss improved! New best: 0.508892. Saved best model: ./outdir_sweep/yk8jpwf1/checkpoint_best_iter_441_loss_0.5089.pt
--- Validation Complete ---
--- Epoch: 3 ---
Train Iter: 500 Epoch: 3 [944/2367 (40%)]	Loss: 0.617677	Grad Norm: 1.236136	LR: 3.3E-05	Time: 3.67s/it
--- Epoch 3 Summary ---
Average Training Loss: 0.544884
Average Grad Norm: 0.902662
Epoch Duration: 647.78s

--- Running Validation at Iteration 588 ---
Validation Loss: 0.494442 (Duration: 22.46s)
Saving model and optimizer state at iteration 588 to ./outdir_sweep/yk8jpwf1/checkpoint_588
Checkpoint saved: ./outdir_sweep/yk8jpwf1/checkpoint_588
Checking Early Stopping: Current Best Loss = 0.508892, New Loss = 0.494442
Saving model and optimizer state at iteration 588 to ./outdir_sweep/yk8jpwf1/checkpoint_best_iter_588_loss_0.4944.pt
Checkpoint saved: ./outdir_sweep/yk8jpwf1/checkpoint_best_iter_588_loss_0.4944.pt
  Validation loss improved! New best: 0.494442. Saved best model: ./outdir_sweep/yk8jpwf1/checkpoint_best_iter_588_loss_0.4944.pt
--- Validation Complete ---
--- Epoch: 4 ---
Train Iter: 600 Epoch: 4 [192/2367 (8%)]	Loss: 0.421983	Grad Norm: 0.493287	LR: 3.3E-05	Time: 5.01s/it
Train Iter: 700 Epoch: 4 [1792/2367 (76%)]	Loss: 0.456612	Grad Norm: 0.978544	LR: 3.3E-05	Time: 4.84s/it
--- Epoch 4 Summary ---
Average Training Loss: 0.542961
Average Grad Norm: 0.901755
Epoch Duration: 634.61s

--- Running Validation at Iteration 735 ---
Validation Loss: 0.479494 (Duration: 22.54s)
Saving model and optimizer state at iteration 735 to ./outdir_sweep/yk8jpwf1/checkpoint_735
Checkpoint saved: ./outdir_sweep/yk8jpwf1/checkpoint_735
Checking Early Stopping: Current Best Loss = 0.494442, New Loss = 0.479494
Saving model and optimizer state at iteration 735 to ./outdir_sweep/yk8jpwf1/checkpoint_best_iter_735_loss_0.4795.pt
Checkpoint saved: ./outdir_sweep/yk8jpwf1/checkpoint_best_iter_735_loss_0.4795.pt
  Validation loss improved! New best: 0.479494. Saved best model: ./outdir_sweep/yk8jpwf1/checkpoint_best_iter_735_loss_0.4795.pt
--- Validation Complete ---
--- Epoch: 5 ---
Train Iter: 800 Epoch: 5 [1040/2367 (44%)]	Loss: 0.551892	Grad Norm: 0.907756	LR: 3.3E-05	Time: 4.66s/it
--- Epoch 5 Summary ---
Average Training Loss: 0.524398
Average Grad Norm: 0.819730
Epoch Duration: 646.15s

--- Running Validation at Iteration 882 ---
Validation Loss: 0.469212 (Duration: 22.46s)
Saving model and optimizer state at iteration 882 to ./outdir_sweep/yk8jpwf1/checkpoint_882
Checkpoint saved: ./outdir_sweep/yk8jpwf1/checkpoint_882
Checking Early Stopping: Current Best Loss = 0.479494, New Loss = 0.469212
Saving model and optimizer state at iteration 882 to ./outdir_sweep/yk8jpwf1/checkpoint_best_iter_882_loss_0.4692.pt
Checkpoint saved: ./outdir_sweep/yk8jpwf1/checkpoint_best_iter_882_loss_0.4692.pt
  Validation loss improved! New best: 0.469212. Saved best model: ./outdir_sweep/yk8jpwf1/checkpoint_best_iter_882_loss_0.4692.pt
--- Validation Complete ---
--- Epoch: 6 ---
Train Iter: 900 Epoch: 6 [288/2367 (12%)]	Loss: 0.513163	Grad Norm: 0.681090	LR: 3.3E-05	Time: 4.44s/it
Train Iter: 1000 Epoch: 6 [1888/2367 (80%)]	Loss: 0.484604	Grad Norm: 0.424491	LR: 3.3E-05	Time: 5.55s/it
--- Epoch 6 Summary ---
Average Training Loss: 0.517316
Average Grad Norm: 0.841799
Epoch Duration: 631.40s

--- Running Validation at Iteration 1029 ---
Validation Loss: 0.464821 (Duration: 22.59s)
Saving model and optimizer state at iteration 1029 to ./outdir_sweep/yk8jpwf1/checkpoint_1029
Checkpoint saved: ./outdir_sweep/yk8jpwf1/checkpoint_1029
Checking Early Stopping: Current Best Loss = 0.469212, New Loss = 0.464821
Saving model and optimizer state at iteration 1029 to ./outdir_sweep/yk8jpwf1/checkpoint_best_iter_1029_loss_0.4648.pt
Checkpoint saved: ./outdir_sweep/yk8jpwf1/checkpoint_best_iter_1029_loss_0.4648.pt
  Validation loss improved! New best: 0.464821. Saved best model: ./outdir_sweep/yk8jpwf1/checkpoint_best_iter_1029_loss_0.4648.pt
--- Validation Complete ---
--- Epoch: 7 ---
Train Iter: 1100 Epoch: 7 [1136/2367 (48%)]	Loss: 0.535821	Grad Norm: 0.880441	LR: 3.3E-05	Time: 4.41s/it
--- Epoch 7 Summary ---
Average Training Loss: 0.510387
Average Grad Norm: 0.915051
Epoch Duration: 638.74s

--- Running Validation at Iteration 1176 ---
Validation Loss: 0.454160 (Duration: 22.50s)
Saving model and optimizer state at iteration 1176 to ./outdir_sweep/yk8jpwf1/checkpoint_1176
Checkpoint saved: ./outdir_sweep/yk8jpwf1/checkpoint_1176
Checking Early Stopping: Current Best Loss = 0.464821, New Loss = 0.454160
Saving model and optimizer state at iteration 1176 to ./outdir_sweep/yk8jpwf1/checkpoint_best_iter_1176_loss_0.4542.pt
Checkpoint saved: ./outdir_sweep/yk8jpwf1/checkpoint_best_iter_1176_loss_0.4542.pt
  Validation loss improved! New best: 0.454160. Saved best model: ./outdir_sweep/yk8jpwf1/checkpoint_best_iter_1176_loss_0.4542.pt
--- Validation Complete ---
--- Epoch: 8 ---
Train Iter: 1200 Epoch: 8 [384/2367 (16%)]	Loss: 0.559228	Grad Norm: 0.479106	LR: 3.3E-05	Time: 4.08s/it
Train Iter: 1300 Epoch: 8 [1984/2367 (84%)]	Loss: 0.491768	Grad Norm: 0.715156	LR: 3.3E-05	Time: 4.45s/it
--- Epoch 8 Summary ---
Average Training Loss: 0.495496
Average Grad Norm: 0.733649
Epoch Duration: 649.84s

--- Running Validation at Iteration 1323 ---
Validation Loss: 0.448494 (Duration: 22.60s)
Saving model and optimizer state at iteration 1323 to ./outdir_sweep/yk8jpwf1/checkpoint_1323
Checkpoint saved: ./outdir_sweep/yk8jpwf1/checkpoint_1323
Checking Early Stopping: Current Best Loss = 0.454160, New Loss = 0.448494
Saving model and optimizer state at iteration 1323 to ./outdir_sweep/yk8jpwf1/checkpoint_best_iter_1323_loss_0.4485.pt
Checkpoint saved: ./outdir_sweep/yk8jpwf1/checkpoint_best_iter_1323_loss_0.4485.pt
  Validation loss improved! New best: 0.448494. Saved best model: ./outdir_sweep/yk8jpwf1/checkpoint_best_iter_1323_loss_0.4485.pt
--- Validation Complete ---
--- Epoch: 9 ---
Train Iter: 1400 Epoch: 9 [1232/2367 (52%)]	Loss: 0.548947	Grad Norm: 0.688602	LR: 3.3E-05	Time: 3.47s/it
--- Epoch 9 Summary ---
Average Training Loss: 0.493973
Average Grad Norm: 0.783934
Epoch Duration: 643.70s

--- Running Validation at Iteration 1470 ---
Validation Loss: 0.443713 (Duration: 22.62s)
Saving model and optimizer state at iteration 1470 to ./outdir_sweep/yk8jpwf1/checkpoint_1470
Checkpoint saved: ./outdir_sweep/yk8jpwf1/checkpoint_1470
Checking Early Stopping: Current Best Loss = 0.448494, New Loss = 0.443713
Saving model and optimizer state at iteration 1470 to ./outdir_sweep/yk8jpwf1/checkpoint_best_iter_1470_loss_0.4437.pt
Checkpoint saved: ./outdir_sweep/yk8jpwf1/checkpoint_best_iter_1470_loss_0.4437.pt
  Validation loss improved! New best: 0.443713. Saved best model: ./outdir_sweep/yk8jpwf1/checkpoint_best_iter_1470_loss_0.4437.pt
--- Validation Complete ---
--- Epoch: 10 ---
Train Iter: 1500 Epoch: 10 [480/2367 (20%)]	Loss: 0.439502	Grad Norm: 1.140656	LR: 3.3E-05	Time: 4.76s/it
Train Iter: 1600 Epoch: 10 [2080/2367 (88%)]	Loss: 0.444170	Grad Norm: 0.561677	LR: 3.3E-05	Time: 3.88s/it
--- Epoch 10 Summary ---
Average Training Loss: 0.494825
Average Grad Norm: 0.728067
Epoch Duration: 634.86s

--- Running Validation at Iteration 1617 ---
Validation Loss: 0.439487 (Duration: 22.57s)
Saving model and optimizer state at iteration 1617 to ./outdir_sweep/yk8jpwf1/checkpoint_1617
Checkpoint saved: ./outdir_sweep/yk8jpwf1/checkpoint_1617
Checking Early Stopping: Current Best Loss = 0.443713, New Loss = 0.439487
Saving model and optimizer state at iteration 1617 to ./outdir_sweep/yk8jpwf1/checkpoint_best_iter_1617_loss_0.4395.pt
Checkpoint saved: ./outdir_sweep/yk8jpwf1/checkpoint_best_iter_1617_loss_0.4395.pt
  Validation loss improved! New best: 0.439487. Saved best model: ./outdir_sweep/yk8jpwf1/checkpoint_best_iter_1617_loss_0.4395.pt
--- Validation Complete ---
--- Epoch: 11 ---
Train Iter: 1700 Epoch: 11 [1328/2367 (56%)]	Loss: 0.381963	Grad Norm: 0.805082	LR: 3.3E-05	Time: 5.14s/it
--- Epoch 11 Summary ---
Average Training Loss: 0.495091
Average Grad Norm: 0.825820
Epoch Duration: 632.12s

--- Running Validation at Iteration 1764 ---
Validation Loss: 0.436943 (Duration: 22.61s)
Saving model and optimizer state at iteration 1764 to ./outdir_sweep/yk8jpwf1/checkpoint_1764
Checkpoint saved: ./outdir_sweep/yk8jpwf1/checkpoint_1764
Checking Early Stopping: Current Best Loss = 0.439487, New Loss = 0.436943
Saving model and optimizer state at iteration 1764 to ./outdir_sweep/yk8jpwf1/checkpoint_best_iter_1764_loss_0.4369.pt
Checkpoint saved: ./outdir_sweep/yk8jpwf1/checkpoint_best_iter_1764_loss_0.4369.pt
  Validation loss improved! New best: 0.436943. Saved best model: ./outdir_sweep/yk8jpwf1/checkpoint_best_iter_1764_loss_0.4369.pt
--- Validation Complete ---
--- Epoch: 12 ---
Train Iter: 1800 Epoch: 12 [576/2367 (24%)]	Loss: 0.429553	Grad Norm: 0.598627	LR: 3.3E-05	Time: 5.56s/it
Train Iter: 1900 Epoch: 12 [2176/2367 (93%)]	Loss: 0.460263	Grad Norm: 0.522656	LR: 3.3E-05	Time: 5.06s/it
--- Epoch 12 Summary ---
Average Training Loss: 0.480473
Average Grad Norm: 0.826167
Epoch Duration: 643.61s

--- Running Validation at Iteration 1911 ---
Validation Loss: 0.431831 (Duration: 22.44s)
Saving model and optimizer state at iteration 1911 to ./outdir_sweep/yk8jpwf1/checkpoint_1911
Checkpoint saved: ./outdir_sweep/yk8jpwf1/checkpoint_1911
Checking Early Stopping: Current Best Loss = 0.436943, New Loss = 0.431831
Saving model and optimizer state at iteration 1911 to ./outdir_sweep/yk8jpwf1/checkpoint_best_iter_1911_loss_0.4318.pt
Checkpoint saved: ./outdir_sweep/yk8jpwf1/checkpoint_best_iter_1911_loss_0.4318.pt
  Validation loss improved! New best: 0.431831. Saved best model: ./outdir_sweep/yk8jpwf1/checkpoint_best_iter_1911_loss_0.4318.pt
--- Validation Complete ---
--- Epoch: 13 ---
Train Iter: 2000 Epoch: 13 [1424/2367 (61%)]	Loss: 0.415007	Grad Norm: 0.820643	LR: 3.3E-05	Time: 4.35s/it
--- Epoch 13 Summary ---
Average Training Loss: 0.476916
Average Grad Norm: 0.692984
Epoch Duration: 641.17s

--- Running Validation at Iteration 2058 ---
Validation Loss: 0.430427 (Duration: 22.60s)
Saving model and optimizer state at iteration 2058 to ./outdir_sweep/yk8jpwf1/checkpoint_2058
Checkpoint saved: ./outdir_sweep/yk8jpwf1/checkpoint_2058
Checking Early Stopping: Current Best Loss = 0.431831, New Loss = 0.430427
Saving model and optimizer state at iteration 2058 to ./outdir_sweep/yk8jpwf1/checkpoint_best_iter_2058_loss_0.4304.pt
Checkpoint saved: ./outdir_sweep/yk8jpwf1/checkpoint_best_iter_2058_loss_0.4304.pt
  Validation loss improved! New best: 0.430427. Saved best model: ./outdir_sweep/yk8jpwf1/checkpoint_best_iter_2058_loss_0.4304.pt
--- Validation Complete ---
--- Epoch: 14 ---
Train Iter: 2100 Epoch: 14 [672/2367 (29%)]	Loss: 0.471501	Grad Norm: 0.731298	LR: 3.3E-05	Time: 4.96s/it
Train Iter: 2200 Epoch: 14 [2272/2367 (97%)]	Loss: 0.513708	Grad Norm: 0.591974	LR: 3.3E-05	Time: 3.81s/it
--- Epoch 14 Summary ---
Average Training Loss: 0.478461
Average Grad Norm: 0.716742
Epoch Duration: 634.29s

--- Running Validation at Iteration 2205 ---
Validation Loss: 0.425859 (Duration: 22.57s)
Saving model and optimizer state at iteration 2205 to ./outdir_sweep/yk8jpwf1/checkpoint_2205
Checkpoint saved: ./outdir_sweep/yk8jpwf1/checkpoint_2205
Checking Early Stopping: Current Best Loss = 0.430427, New Loss = 0.425859
Saving model and optimizer state at iteration 2205 to ./outdir_sweep/yk8jpwf1/checkpoint_best_iter_2205_loss_0.4259.pt
Checkpoint saved: ./outdir_sweep/yk8jpwf1/checkpoint_best_iter_2205_loss_0.4259.pt
  Validation loss improved! New best: 0.425859. Saved best model: ./outdir_sweep/yk8jpwf1/checkpoint_best_iter_2205_loss_0.4259.pt
--- Validation Complete ---
--- Epoch: 15 ---
Train Iter: 2300 Epoch: 15 [1520/2367 (65%)]	Loss: 0.568515	Grad Norm: 0.890272	LR: 3.3E-05	Time: 3.38s/it
--- Epoch 15 Summary ---
Average Training Loss: 0.470557
Average Grad Norm: 0.771570
Epoch Duration: 641.64s

--- Running Validation at Iteration 2352 ---
Validation Loss: 0.421483 (Duration: 22.48s)
Saving model and optimizer state at iteration 2352 to ./outdir_sweep/yk8jpwf1/checkpoint_2352
Checkpoint saved: ./outdir_sweep/yk8jpwf1/checkpoint_2352
Checking Early Stopping: Current Best Loss = 0.425859, New Loss = 0.421483
Saving model and optimizer state at iteration 2352 to ./outdir_sweep/yk8jpwf1/checkpoint_best_iter_2352_loss_0.4215.pt
Checkpoint saved: ./outdir_sweep/yk8jpwf1/checkpoint_best_iter_2352_loss_0.4215.pt
  Validation loss improved! New best: 0.421483. Saved best model: ./outdir_sweep/yk8jpwf1/checkpoint_best_iter_2352_loss_0.4215.pt
--- Validation Complete ---
--- Epoch: 16 ---
Train Iter: 2400 Epoch: 16 [768/2367 (33%)]	Loss: 0.528475	Grad Norm: 0.712441	LR: 3.3E-05	Time: 4.98s/it
--- Epoch 16 Summary ---
Average Training Loss: 0.472317
Average Grad Norm: 0.740231
Epoch Duration: 633.10s

--- Running Validation at Iteration 2499 ---
Validation Loss: 0.422206 (Duration: 22.50s)
Saving model and optimizer state at iteration 2499 to ./outdir_sweep/yk8jpwf1/checkpoint_2499
Checkpoint saved: ./outdir_sweep/yk8jpwf1/checkpoint_2499
Checking Early Stopping: Current Best Loss = 0.421483, New Loss = 0.422206
  Validation loss did not improve significantly (1/10).
--- Validation Complete ---
--- Epoch: 17 ---
Train Iter: 2500 Epoch: 17 [16/2367 (1%)]	Loss: 0.396784	Grad Norm: 1.083520	LR: 3.3E-05	Time: 4.71s/it
Train Iter: 2600 Epoch: 17 [1616/2367 (69%)]	Loss: 0.484897	Grad Norm: 0.481611	LR: 3.3E-05	Time: 4.30s/it
--- Epoch 17 Summary ---
Average Training Loss: 0.460589
Average Grad Norm: 0.819672
Epoch Duration: 647.10s

--- Running Validation at Iteration 2646 ---
Validation Loss: 0.417143 (Duration: 22.53s)
Saving model and optimizer state at iteration 2646 to ./outdir_sweep/yk8jpwf1/checkpoint_2646
Checkpoint saved: ./outdir_sweep/yk8jpwf1/checkpoint_2646
Checking Early Stopping: Current Best Loss = 0.421483, New Loss = 0.417143
Saving model and optimizer state at iteration 2646 to ./outdir_sweep/yk8jpwf1/checkpoint_best_iter_2646_loss_0.4171.pt
Checkpoint saved: ./outdir_sweep/yk8jpwf1/checkpoint_best_iter_2646_loss_0.4171.pt
  Validation loss improved! New best: 0.417143. Saved best model: ./outdir_sweep/yk8jpwf1/checkpoint_best_iter_2646_loss_0.4171.pt
--- Validation Complete ---
--- Epoch: 18 ---
Train Iter: 2700 Epoch: 18 [864/2367 (37%)]	Loss: 0.553701	Grad Norm: 0.956060	LR: 3.3E-05	Time: 4.29s/it
--- Epoch 18 Summary ---
Average Training Loss: 0.463425
Average Grad Norm: 0.718106
Epoch Duration: 636.62s

--- Running Validation at Iteration 2793 ---
Validation Loss: 0.413460 (Duration: 22.57s)
Saving model and optimizer state at iteration 2793 to ./outdir_sweep/yk8jpwf1/checkpoint_2793
Checkpoint saved: ./outdir_sweep/yk8jpwf1/checkpoint_2793
Checking Early Stopping: Current Best Loss = 0.417143, New Loss = 0.413460
Saving model and optimizer state at iteration 2793 to ./outdir_sweep/yk8jpwf1/checkpoint_best_iter_2793_loss_0.4135.pt
Checkpoint saved: ./outdir_sweep/yk8jpwf1/checkpoint_best_iter_2793_loss_0.4135.pt
  Validation loss improved! New best: 0.413460. Saved best model: ./outdir_sweep/yk8jpwf1/checkpoint_best_iter_2793_loss_0.4135.pt
--- Validation Complete ---
--- Epoch: 19 ---
Train Iter: 2800 Epoch: 19 [112/2367 (5%)]	Loss: 0.479517	Grad Norm: 1.002204	LR: 3.3E-05	Time: 3.68s/it
Train Iter: 2900 Epoch: 19 [1712/2367 (73%)]	Loss: 0.469611	Grad Norm: 0.457047	LR: 3.3E-05	Time: 4.98s/it
--- Epoch 19 Summary ---
Average Training Loss: 0.453232
Average Grad Norm: 0.746489
Epoch Duration: 644.09s

--- Running Validation at Iteration 2940 ---
Validation Loss: 0.411780 (Duration: 22.65s)
Saving model and optimizer state at iteration 2940 to ./outdir_sweep/yk8jpwf1/checkpoint_2940
Checkpoint saved: ./outdir_sweep/yk8jpwf1/checkpoint_2940
Checking Early Stopping: Current Best Loss = 0.413460, New Loss = 0.411780
Saving model and optimizer state at iteration 2940 to ./outdir_sweep/yk8jpwf1/checkpoint_best_iter_2940_loss_0.4118.pt
Checkpoint saved: ./outdir_sweep/yk8jpwf1/checkpoint_best_iter_2940_loss_0.4118.pt
  Validation loss improved! New best: 0.411780. Saved best model: ./outdir_sweep/yk8jpwf1/checkpoint_best_iter_2940_loss_0.4118.pt
--- Validation Complete ---
--- Epoch: 20 ---
Train Iter: 3000 Epoch: 20 [960/2367 (41%)]	Loss: 0.542211	Grad Norm: 0.503163	LR: 3.3E-05	Time: 3.49s/it
--- Epoch 20 Summary ---
Average Training Loss: 0.454530
Average Grad Norm: 0.671096
Epoch Duration: 638.67s

--- Running Validation at Iteration 3087 ---
Validation Loss: 0.409009 (Duration: 22.53s)
Saving model and optimizer state at iteration 3087 to ./outdir_sweep/yk8jpwf1/checkpoint_3087
Checkpoint saved: ./outdir_sweep/yk8jpwf1/checkpoint_3087
Checking Early Stopping: Current Best Loss = 0.411780, New Loss = 0.409009
Saving model and optimizer state at iteration 3087 to ./outdir_sweep/yk8jpwf1/checkpoint_best_iter_3087_loss_0.4090.pt
Checkpoint saved: ./outdir_sweep/yk8jpwf1/checkpoint_best_iter_3087_loss_0.4090.pt
  Validation loss improved! New best: 0.409009. Saved best model: ./outdir_sweep/yk8jpwf1/checkpoint_best_iter_3087_loss_0.4090.pt
--- Validation Complete ---
--- Epoch: 21 ---
Train Iter: 3100 Epoch: 21 [208/2367 (9%)]	Loss: 0.556332	Grad Norm: 0.681727	LR: 3.3E-05	Time: 3.32s/it
Train Iter: 3200 Epoch: 21 [1808/2367 (77%)]	Loss: 0.472858	Grad Norm: 0.638810	LR: 3.3E-05	Time: 3.62s/it
--- Epoch 21 Summary ---
Average Training Loss: 0.448696
Average Grad Norm: 0.698521
Epoch Duration: 643.61s

--- Running Validation at Iteration 3234 ---
Validation Loss: 0.403977 (Duration: 22.68s)
Saving model and optimizer state at iteration 3234 to ./outdir_sweep/yk8jpwf1/checkpoint_3234
Checkpoint saved: ./outdir_sweep/yk8jpwf1/checkpoint_3234
Checking Early Stopping: Current Best Loss = 0.409009, New Loss = 0.403977
Saving model and optimizer state at iteration 3234 to ./outdir_sweep/yk8jpwf1/checkpoint_best_iter_3234_loss_0.4040.pt
Checkpoint saved: ./outdir_sweep/yk8jpwf1/checkpoint_best_iter_3234_loss_0.4040.pt
  Validation loss improved! New best: 0.403977. Saved best model: ./outdir_sweep/yk8jpwf1/checkpoint_best_iter_3234_loss_0.4040.pt
--- Validation Complete ---
--- Epoch: 22 ---
Train Iter: 3300 Epoch: 22 [1056/2367 (45%)]	Loss: 0.466198	Grad Norm: 0.506311	LR: 3.3E-05	Time: 4.50s/it
--- Epoch 22 Summary ---
Average Training Loss: 0.446427
Average Grad Norm: 0.714496
Epoch Duration: 641.67s

--- Running Validation at Iteration 3381 ---
Validation Loss: 0.402706 (Duration: 22.67s)
Saving model and optimizer state at iteration 3381 to ./outdir_sweep/yk8jpwf1/checkpoint_3381
Checkpoint saved: ./outdir_sweep/yk8jpwf1/checkpoint_3381
Checking Early Stopping: Current Best Loss = 0.403977, New Loss = 0.402706
Saving model and optimizer state at iteration 3381 to ./outdir_sweep/yk8jpwf1/checkpoint_best_iter_3381_loss_0.4027.pt
Checkpoint saved: ./outdir_sweep/yk8jpwf1/checkpoint_best_iter_3381_loss_0.4027.pt
  Validation loss improved! New best: 0.402706. Saved best model: ./outdir_sweep/yk8jpwf1/checkpoint_best_iter_3381_loss_0.4027.pt
--- Validation Complete ---
--- Epoch: 23 ---
Train Iter: 3400 Epoch: 23 [304/2367 (13%)]	Loss: 0.370881	Grad Norm: 0.414223	LR: 3.3E-05	Time: 5.19s/it
Train Iter: 3500 Epoch: 23 [1904/2367 (81%)]	Loss: 0.428663	Grad Norm: 0.734886	LR: 3.3E-05	Time: 4.74s/it
--- Epoch 23 Summary ---
Average Training Loss: 0.442373
Average Grad Norm: 0.711515
Epoch Duration: 640.73s

--- Running Validation at Iteration 3528 ---
Validation Loss: 0.400043 (Duration: 22.50s)
Saving model and optimizer state at iteration 3528 to ./outdir_sweep/yk8jpwf1/checkpoint_3528
Checkpoint saved: ./outdir_sweep/yk8jpwf1/checkpoint_3528
Checking Early Stopping: Current Best Loss = 0.402706, New Loss = 0.400043
Saving model and optimizer state at iteration 3528 to ./outdir_sweep/yk8jpwf1/checkpoint_best_iter_3528_loss_0.4000.pt
Checkpoint saved: ./outdir_sweep/yk8jpwf1/checkpoint_best_iter_3528_loss_0.4000.pt
  Validation loss improved! New best: 0.400043. Saved best model: ./outdir_sweep/yk8jpwf1/checkpoint_best_iter_3528_loss_0.4000.pt
--- Validation Complete ---
--- Epoch: 24 ---
Train Iter: 3600 Epoch: 24 [1152/2367 (49%)]	Loss: 0.406318	Grad Norm: 0.443114	LR: 3.3E-05	Time: 4.18s/it
--- Epoch 24 Summary ---
Average Training Loss: 0.432900
Average Grad Norm: 0.647373
Epoch Duration: 647.70s

--- Running Validation at Iteration 3675 ---
Validation Loss: 0.395844 (Duration: 22.59s)
Saving model and optimizer state at iteration 3675 to ./outdir_sweep/yk8jpwf1/checkpoint_3675
Checkpoint saved: ./outdir_sweep/yk8jpwf1/checkpoint_3675
Checking Early Stopping: Current Best Loss = 0.400043, New Loss = 0.395844
Saving model and optimizer state at iteration 3675 to ./outdir_sweep/yk8jpwf1/checkpoint_best_iter_3675_loss_0.3958.pt
Checkpoint saved: ./outdir_sweep/yk8jpwf1/checkpoint_best_iter_3675_loss_0.3958.pt
  Validation loss improved! New best: 0.395844. Saved best model: ./outdir_sweep/yk8jpwf1/checkpoint_best_iter_3675_loss_0.3958.pt
--- Validation Complete ---
--- Epoch: 25 ---
Train Iter: 3700 Epoch: 25 [400/2367 (17%)]	Loss: 0.455796	Grad Norm: 0.631392	LR: 3.3E-05	Time: 4.09s/it
Train Iter: 3800 Epoch: 25 [2000/2367 (85%)]	Loss: 0.449506	Grad Norm: 0.497422	LR: 3.3E-05	Time: 4.48s/it
--- Epoch 25 Summary ---
Average Training Loss: 0.439673
Average Grad Norm: 0.663564
Epoch Duration: 637.69s

--- Running Validation at Iteration 3822 ---
Validation Loss: 0.397644 (Duration: 22.81s)
Saving model and optimizer state at iteration 3822 to ./outdir_sweep/yk8jpwf1/checkpoint_3822
Checkpoint saved: ./outdir_sweep/yk8jpwf1/checkpoint_3822
Checking Early Stopping: Current Best Loss = 0.395844, New Loss = 0.397644
  Validation loss did not improve significantly (1/10).
--- Validation Complete ---
--- Epoch: 26 ---
Train Iter: 3900 Epoch: 26 [1248/2367 (53%)]	Loss: 0.509730	Grad Norm: 0.613066	LR: 3.3E-05	Time: 2.96s/it
--- Epoch 26 Summary ---
Average Training Loss: 0.433133
Average Grad Norm: 0.707092
Epoch Duration: 640.79s

--- Running Validation at Iteration 3969 ---
Validation Loss: 0.391853 (Duration: 22.59s)
Saving model and optimizer state at iteration 3969 to ./outdir_sweep/yk8jpwf1/checkpoint_3969
Checkpoint saved: ./outdir_sweep/yk8jpwf1/checkpoint_3969
Checking Early Stopping: Current Best Loss = 0.395844, New Loss = 0.391853
Saving model and optimizer state at iteration 3969 to ./outdir_sweep/yk8jpwf1/checkpoint_best_iter_3969_loss_0.3919.pt
Checkpoint saved: ./outdir_sweep/yk8jpwf1/checkpoint_best_iter_3969_loss_0.3919.pt
  Validation loss improved! New best: 0.391853. Saved best model: ./outdir_sweep/yk8jpwf1/checkpoint_best_iter_3969_loss_0.3919.pt
--- Validation Complete ---
--- Epoch: 27 ---
Train Iter: 4000 Epoch: 27 [496/2367 (21%)]	Loss: 0.431399	Grad Norm: 0.516904	LR: 3.3E-05	Time: 4.85s/it
Train Iter: 4100 Epoch: 27 [2096/2367 (89%)]	Loss: 0.478093	Grad Norm: 1.795856	LR: 3.3E-05	Time: 3.51s/it
--- Epoch 27 Summary ---
Average Training Loss: 0.434547
Average Grad Norm: 0.692567
Epoch Duration: 633.25s

--- Running Validation at Iteration 4116 ---
Validation Loss: 0.389384 (Duration: 22.63s)
Saving model and optimizer state at iteration 4116 to ./outdir_sweep/yk8jpwf1/checkpoint_4116
Checkpoint saved: ./outdir_sweep/yk8jpwf1/checkpoint_4116
Checking Early Stopping: Current Best Loss = 0.391853, New Loss = 0.389384
Saving model and optimizer state at iteration 4116 to ./outdir_sweep/yk8jpwf1/checkpoint_best_iter_4116_loss_0.3894.pt
Checkpoint saved: ./outdir_sweep/yk8jpwf1/checkpoint_best_iter_4116_loss_0.3894.pt
  Validation loss improved! New best: 0.389384. Saved best model: ./outdir_sweep/yk8jpwf1/checkpoint_best_iter_4116_loss_0.3894.pt
--- Validation Complete ---
--- Epoch: 28 ---
Train Iter: 4200 Epoch: 28 [1344/2367 (57%)]	Loss: 0.437712	Grad Norm: 0.547470	LR: 3.3E-05	Time: 3.97s/it
--- Epoch 28 Summary ---
Average Training Loss: 0.426180
Average Grad Norm: 0.618936
Epoch Duration: 639.74s

--- Running Validation at Iteration 4263 ---
Validation Loss: 0.387729 (Duration: 22.47s)
Saving model and optimizer state at iteration 4263 to ./outdir_sweep/yk8jpwf1/checkpoint_4263
Checkpoint saved: ./outdir_sweep/yk8jpwf1/checkpoint_4263
Checking Early Stopping: Current Best Loss = 0.389384, New Loss = 0.387729
Saving model and optimizer state at iteration 4263 to ./outdir_sweep/yk8jpwf1/checkpoint_best_iter_4263_loss_0.3877.pt
Checkpoint saved: ./outdir_sweep/yk8jpwf1/checkpoint_best_iter_4263_loss_0.3877.pt
  Validation loss improved! New best: 0.387729. Saved best model: ./outdir_sweep/yk8jpwf1/checkpoint_best_iter_4263_loss_0.3877.pt
--- Validation Complete ---
--- Epoch: 29 ---
Train Iter: 4300 Epoch: 29 [592/2367 (25%)]	Loss: 0.387708	Grad Norm: 0.449248	LR: 3.3E-05	Time: 4.99s/it
Train Iter: 4400 Epoch: 29 [2192/2367 (93%)]	Loss: 0.420687	Grad Norm: 0.415690	LR: 3.3E-05	Time: 4.75s/it
--- Epoch 29 Summary ---
Average Training Loss: 0.422071
Average Grad Norm: 0.611892
Epoch Duration: 644.34s

--- Running Validation at Iteration 4410 ---
Validation Loss: 0.384245 (Duration: 22.49s)
Saving model and optimizer state at iteration 4410 to ./outdir_sweep/yk8jpwf1/checkpoint_4410
Checkpoint saved: ./outdir_sweep/yk8jpwf1/checkpoint_4410
Checking Early Stopping: Current Best Loss = 0.387729, New Loss = 0.384245
Saving model and optimizer state at iteration 4410 to ./outdir_sweep/yk8jpwf1/checkpoint_best_iter_4410_loss_0.3842.pt
Checkpoint saved: ./outdir_sweep/yk8jpwf1/checkpoint_best_iter_4410_loss_0.3842.pt
  Validation loss improved! New best: 0.384245. Saved best model: ./outdir_sweep/yk8jpwf1/checkpoint_best_iter_4410_loss_0.3842.pt
--- Validation Complete ---
--- Epoch: 30 ---
Train Iter: 4500 Epoch: 30 [1440/2367 (61%)]	Loss: 0.446257	Grad Norm: 0.574816	LR: 3.3E-05	Time: 4.29s/it
--- Epoch 30 Summary ---
Average Training Loss: 0.420221
Average Grad Norm: 0.642541
Epoch Duration: 642.36s

--- Running Validation at Iteration 4557 ---
Validation Loss: 0.386781 (Duration: 22.70s)
Saving model and optimizer state at iteration 4557 to ./outdir_sweep/yk8jpwf1/checkpoint_4557
Checkpoint saved: ./outdir_sweep/yk8jpwf1/checkpoint_4557
Checking Early Stopping: Current Best Loss = 0.384245, New Loss = 0.386781
  Validation loss did not improve significantly (1/10).
--- Validation Complete ---
--- Epoch: 31 ---
Train Iter: 4600 Epoch: 31 [688/2367 (29%)]	Loss: 0.408495	Grad Norm: 0.433452	LR: 3.3E-05	Time: 4.46s/it
Train Iter: 4700 Epoch: 31 [2288/2367 (97%)]	Loss: 0.357708	Grad Norm: 0.472203	LR: 3.3E-05	Time: 5.10s/it
--- Epoch 31 Summary ---
Average Training Loss: 0.419542
Average Grad Norm: 0.701167
Epoch Duration: 637.84s

--- Running Validation at Iteration 4704 ---
Validation Loss: 0.384531 (Duration: 22.60s)
Saving model and optimizer state at iteration 4704 to ./outdir_sweep/yk8jpwf1/checkpoint_4704
Checkpoint saved: ./outdir_sweep/yk8jpwf1/checkpoint_4704
Checking Early Stopping: Current Best Loss = 0.384245, New Loss = 0.384531
  Validation loss did not improve significantly (2/10).
--- Validation Complete ---
--- Epoch: 32 ---
Train Iter: 4800 Epoch: 32 [1536/2367 (65%)]	Loss: 0.409855	Grad Norm: 0.750487	LR: 3.3E-05	Time: 3.90s/it
--- Epoch 32 Summary ---
Average Training Loss: 0.421537
Average Grad Norm: 0.672999
Epoch Duration: 637.59s

--- Running Validation at Iteration 4851 ---
Validation Loss: 0.384488 (Duration: 22.47s)
Saving model and optimizer state at iteration 4851 to ./outdir_sweep/yk8jpwf1/checkpoint_4851
Checkpoint saved: ./outdir_sweep/yk8jpwf1/checkpoint_4851
Checking Early Stopping: Current Best Loss = 0.384245, New Loss = 0.384488
  Validation loss did not improve significantly (3/10).
--- Validation Complete ---
--- Epoch: 33 ---
Train Iter: 4900 Epoch: 33 [784/2367 (33%)]	Loss: 0.441546	Grad Norm: 0.544843	LR: 3.3E-05	Time: 4.27s/it
--- Epoch 33 Summary ---
Average Training Loss: 0.415559
Average Grad Norm: 0.651690
Epoch Duration: 639.65s

--- Running Validation at Iteration 4998 ---
Validation Loss: 0.381517 (Duration: 22.45s)
Saving model and optimizer state at iteration 4998 to ./outdir_sweep/yk8jpwf1/checkpoint_4998
Checkpoint saved: ./outdir_sweep/yk8jpwf1/checkpoint_4998
Checking Early Stopping: Current Best Loss = 0.384245, New Loss = 0.381517
Saving model and optimizer state at iteration 4998 to ./outdir_sweep/yk8jpwf1/checkpoint_best_iter_4998_loss_0.3815.pt
Checkpoint saved: ./outdir_sweep/yk8jpwf1/checkpoint_best_iter_4998_loss_0.3815.pt
  Validation loss improved! New best: 0.381517. Saved best model: ./outdir_sweep/yk8jpwf1/checkpoint_best_iter_4998_loss_0.3815.pt
--- Validation Complete ---
--- Epoch: 34 ---
Train Iter: 5000 Epoch: 34 [32/2367 (1%)]	Loss: 0.444250	Grad Norm: 0.680139	LR: 3.3E-05	Time: 3.66s/it
Train Iter: 5100 Epoch: 34 [1632/2367 (69%)]	Loss: 0.474619	Grad Norm: 0.893309	LR: 3.3E-05	Time: 3.21s/it
--- Epoch 34 Summary ---
Average Training Loss: 0.416728
Average Grad Norm: 0.632522
Epoch Duration: 635.78s

--- Running Validation at Iteration 5145 ---
Validation Loss: 0.380716 (Duration: 22.62s)
Saving model and optimizer state at iteration 5145 to ./outdir_sweep/yk8jpwf1/checkpoint_5145
Checkpoint saved: ./outdir_sweep/yk8jpwf1/checkpoint_5145
Checking Early Stopping: Current Best Loss = 0.381517, New Loss = 0.380716
Saving model and optimizer state at iteration 5145 to ./outdir_sweep/yk8jpwf1/checkpoint_best_iter_5145_loss_0.3807.pt
Checkpoint saved: ./outdir_sweep/yk8jpwf1/checkpoint_best_iter_5145_loss_0.3807.pt
  Validation loss improved! New best: 0.380716. Saved best model: ./outdir_sweep/yk8jpwf1/checkpoint_best_iter_5145_loss_0.3807.pt
--- Validation Complete ---
--- Epoch: 35 ---
Train Iter: 5200 Epoch: 35 [880/2367 (37%)]	Loss: 0.361683	Grad Norm: 0.356132	LR: 3.3E-05	Time: 4.98s/it
--- Epoch 35 Summary ---
Average Training Loss: 0.413224
Average Grad Norm: 0.594676
Epoch Duration: 637.89s

--- Running Validation at Iteration 5292 ---
Validation Loss: 0.379026 (Duration: 22.56s)
Saving model and optimizer state at iteration 5292 to ./outdir_sweep/yk8jpwf1/checkpoint_5292
Checkpoint saved: ./outdir_sweep/yk8jpwf1/checkpoint_5292
Checking Early Stopping: Current Best Loss = 0.380716, New Loss = 0.379026
Saving model and optimizer state at iteration 5292 to ./outdir_sweep/yk8jpwf1/checkpoint_best_iter_5292_loss_0.3790.pt
Checkpoint saved: ./outdir_sweep/yk8jpwf1/checkpoint_best_iter_5292_loss_0.3790.pt
  Validation loss improved! New best: 0.379026. Saved best model: ./outdir_sweep/yk8jpwf1/checkpoint_best_iter_5292_loss_0.3790.pt
--- Validation Complete ---
--- Epoch: 36 ---
Train Iter: 5300 Epoch: 36 [128/2367 (5%)]	Loss: 0.382140	Grad Norm: 0.418581	LR: 3.3E-05	Time: 4.37s/it
Train Iter: 5400 Epoch: 36 [1728/2367 (73%)]	Loss: 0.382171	Grad Norm: 0.371599	LR: 3.3E-05	Time: 4.86s/it
--- Epoch 36 Summary ---
Average Training Loss: 0.402238
Average Grad Norm: 0.601793
Epoch Duration: 651.42s

--- Running Validation at Iteration 5439 ---
Validation Loss: 0.377948 (Duration: 22.52s)
Saving model and optimizer state at iteration 5439 to ./outdir_sweep/yk8jpwf1/checkpoint_5439
Checkpoint saved: ./outdir_sweep/yk8jpwf1/checkpoint_5439
Checking Early Stopping: Current Best Loss = 0.379026, New Loss = 0.377948
Saving model and optimizer state at iteration 5439 to ./outdir_sweep/yk8jpwf1/checkpoint_best_iter_5439_loss_0.3779.pt
Checkpoint saved: ./outdir_sweep/yk8jpwf1/checkpoint_best_iter_5439_loss_0.3779.pt
  Validation loss improved! New best: 0.377948. Saved best model: ./outdir_sweep/yk8jpwf1/checkpoint_best_iter_5439_loss_0.3779.pt
--- Validation Complete ---
--- Epoch: 37 ---
Train Iter: 5500 Epoch: 37 [976/2367 (41%)]	Loss: 0.465314	Grad Norm: 0.533482	LR: 3.3E-05	Time: 3.07s/it
--- Epoch 37 Summary ---
Average Training Loss: 0.400750
Average Grad Norm: 0.601003
Epoch Duration: 648.42s

--- Running Validation at Iteration 5586 ---
Validation Loss: 0.374822 (Duration: 22.48s)
Saving model and optimizer state at iteration 5586 to ./outdir_sweep/yk8jpwf1/checkpoint_5586
Checkpoint saved: ./outdir_sweep/yk8jpwf1/checkpoint_5586
Checking Early Stopping: Current Best Loss = 0.377948, New Loss = 0.374822
Saving model and optimizer state at iteration 5586 to ./outdir_sweep/yk8jpwf1/checkpoint_best_iter_5586_loss_0.3748.pt
Checkpoint saved: ./outdir_sweep/yk8jpwf1/checkpoint_best_iter_5586_loss_0.3748.pt
  Validation loss improved! New best: 0.374822. Saved best model: ./outdir_sweep/yk8jpwf1/checkpoint_best_iter_5586_loss_0.3748.pt
--- Validation Complete ---
--- Epoch: 38 ---
Train Iter: 5600 Epoch: 38 [224/2367 (10%)]	Loss: 0.430798	Grad Norm: 0.571174	LR: 3.3E-05	Time: 3.66s/it
Train Iter: 5700 Epoch: 38 [1824/2367 (78%)]	Loss: 0.397181	Grad Norm: 0.457898	LR: 3.3E-05	Time: 3.98s/it
--- Epoch 38 Summary ---
Average Training Loss: 0.406493
Average Grad Norm: 0.597458
Epoch Duration: 639.55s

--- Running Validation at Iteration 5733 ---
Validation Loss: 0.377506 (Duration: 22.62s)
Saving model and optimizer state at iteration 5733 to ./outdir_sweep/yk8jpwf1/checkpoint_5733
Checkpoint saved: ./outdir_sweep/yk8jpwf1/checkpoint_5733
Checking Early Stopping: Current Best Loss = 0.374822, New Loss = 0.377506
  Validation loss did not improve significantly (1/10).
--- Validation Complete ---
--- Epoch: 39 ---
Train Iter: 5800 Epoch: 39 [1072/2367 (46%)]	Loss: 0.414253	Grad Norm: 0.554757	LR: 3.3E-05	Time: 5.05s/it
--- Epoch 39 Summary ---
Average Training Loss: 0.403197
Average Grad Norm: 0.626803
Epoch Duration: 639.65s

--- Running Validation at Iteration 5880 ---
Validation Loss: 0.374831 (Duration: 22.62s)
Saving model and optimizer state at iteration 5880 to ./outdir_sweep/yk8jpwf1/checkpoint_5880
Checkpoint saved: ./outdir_sweep/yk8jpwf1/checkpoint_5880
Checking Early Stopping: Current Best Loss = 0.374822, New Loss = 0.374831
  Validation loss did not improve significantly (2/10).
--- Validation Complete ---
--- Epoch: 40 ---
Train Iter: 5900 Epoch: 40 [320/2367 (14%)]	Loss: 0.354867	Grad Norm: 0.707924	LR: 3.3E-05	Time: 5.69s/it
Train Iter: 6000 Epoch: 40 [1920/2367 (82%)]	Loss: 0.531679	Grad Norm: 0.497314	LR: 3.3E-05	Time: 3.23s/it
--- Epoch 40 Summary ---
Average Training Loss: 0.402996
Average Grad Norm: 0.592880
Epoch Duration: 638.46s

--- Running Validation at Iteration 6027 ---
Validation Loss: 0.373805 (Duration: 22.70s)
Saving model and optimizer state at iteration 6027 to ./outdir_sweep/yk8jpwf1/checkpoint_6027
Checkpoint saved: ./outdir_sweep/yk8jpwf1/checkpoint_6027
Checking Early Stopping: Current Best Loss = 0.374822, New Loss = 0.373805
Saving model and optimizer state at iteration 6027 to ./outdir_sweep/yk8jpwf1/checkpoint_best_iter_6027_loss_0.3738.pt
Checkpoint saved: ./outdir_sweep/yk8jpwf1/checkpoint_best_iter_6027_loss_0.3738.pt
  Validation loss improved! New best: 0.373805. Saved best model: ./outdir_sweep/yk8jpwf1/checkpoint_best_iter_6027_loss_0.3738.pt
--- Validation Complete ---
--- Epoch: 41 ---
Train Iter: 6100 Epoch: 41 [1168/2367 (50%)]	Loss: 0.302032	Grad Norm: 0.357820	LR: 3.3E-05	Time: 5.28s/it
--- Epoch 41 Summary ---
Average Training Loss: 0.403120
Average Grad Norm: 0.552093
Epoch Duration: 634.02s

--- Running Validation at Iteration 6174 ---
Validation Loss: 0.372408 (Duration: 22.61s)
Saving model and optimizer state at iteration 6174 to ./outdir_sweep/yk8jpwf1/checkpoint_6174
Checkpoint saved: ./outdir_sweep/yk8jpwf1/checkpoint_6174
Checking Early Stopping: Current Best Loss = 0.373805, New Loss = 0.372408
Saving model and optimizer state at iteration 6174 to ./outdir_sweep/yk8jpwf1/checkpoint_best_iter_6174_loss_0.3724.pt
Checkpoint saved: ./outdir_sweep/yk8jpwf1/checkpoint_best_iter_6174_loss_0.3724.pt
  Validation loss improved! New best: 0.372408. Saved best model: ./outdir_sweep/yk8jpwf1/checkpoint_best_iter_6174_loss_0.3724.pt
--- Validation Complete ---
--- Epoch: 42 ---
Train Iter: 6200 Epoch: 42 [416/2367 (18%)]	Loss: 0.497077	Grad Norm: 0.516716	LR: 3.3E-05	Time: 3.76s/it
Train Iter: 6300 Epoch: 42 [2016/2367 (86%)]	Loss: 0.394514	Grad Norm: 0.695965	LR: 3.3E-05	Time: 4.51s/it
--- Epoch 42 Summary ---
Average Training Loss: 0.404332
Average Grad Norm: 0.674628
Epoch Duration: 633.58s

--- Running Validation at Iteration 6321 ---
Validation Loss: 0.375307 (Duration: 22.56s)
Saving model and optimizer state at iteration 6321 to ./outdir_sweep/yk8jpwf1/checkpoint_6321
Checkpoint saved: ./outdir_sweep/yk8jpwf1/checkpoint_6321
Checking Early Stopping: Current Best Loss = 0.372408, New Loss = 0.375307
  Validation loss did not improve significantly (1/10).
--- Validation Complete ---
--- Epoch: 43 ---
Train Iter: 6400 Epoch: 43 [1264/2367 (54%)]	Loss: 0.421078	Grad Norm: 0.400019	LR: 3.3E-05	Time: 4.38s/it
--- Epoch 43 Summary ---
Average Training Loss: 0.392476
Average Grad Norm: 0.581134
Epoch Duration: 647.55s

--- Running Validation at Iteration 6468 ---
Validation Loss: 0.374461 (Duration: 22.56s)
Saving model and optimizer state at iteration 6468 to ./outdir_sweep/yk8jpwf1/checkpoint_6468
Checkpoint saved: ./outdir_sweep/yk8jpwf1/checkpoint_6468
Checking Early Stopping: Current Best Loss = 0.372408, New Loss = 0.374461
  Validation loss did not improve significantly (2/10).
--- Validation Complete ---
--- Epoch: 44 ---
Train Iter: 6500 Epoch: 44 [512/2367 (22%)]	Loss: 0.361477	Grad Norm: 0.577452	LR: 3.3E-05	Time: 4.60s/it
Train Iter: 6600 Epoch: 44 [2112/2367 (90%)]	Loss: 0.345496	Grad Norm: 0.373654	LR: 3.3E-05	Time: 5.39s/it
--- Epoch 44 Summary ---
Average Training Loss: 0.398910
Average Grad Norm: 0.592405
Epoch Duration: 635.92s

--- Running Validation at Iteration 6615 ---
Validation Loss: 0.370966 (Duration: 22.64s)
Saving model and optimizer state at iteration 6615 to ./outdir_sweep/yk8jpwf1/checkpoint_6615
Checkpoint saved: ./outdir_sweep/yk8jpwf1/checkpoint_6615
Checking Early Stopping: Current Best Loss = 0.372408, New Loss = 0.370966
Saving model and optimizer state at iteration 6615 to ./outdir_sweep/yk8jpwf1/checkpoint_best_iter_6615_loss_0.3710.pt
Checkpoint saved: ./outdir_sweep/yk8jpwf1/checkpoint_best_iter_6615_loss_0.3710.pt
  Validation loss improved! New best: 0.370966. Saved best model: ./outdir_sweep/yk8jpwf1/checkpoint_best_iter_6615_loss_0.3710.pt
--- Validation Complete ---
--- Epoch: 45 ---
Train Iter: 6700 Epoch: 45 [1360/2367 (58%)]	Loss: 0.321801	Grad Norm: 0.385069	LR: 3.3E-05	Time: 4.86s/it
--- Epoch 45 Summary ---
Average Training Loss: 0.393355
Average Grad Norm: 0.655234
Epoch Duration: 643.36s

--- Running Validation at Iteration 6762 ---
Validation Loss: 0.371055 (Duration: 22.59s)
Saving model and optimizer state at iteration 6762 to ./outdir_sweep/yk8jpwf1/checkpoint_6762
Checkpoint saved: ./outdir_sweep/yk8jpwf1/checkpoint_6762
Checking Early Stopping: Current Best Loss = 0.370966, New Loss = 0.371055
  Validation loss did not improve significantly (1/10).
--- Validation Complete ---
--- Epoch: 46 ---
Train Iter: 6800 Epoch: 46 [608/2367 (26%)]	Loss: 0.351461	Grad Norm: 0.405566	LR: 3.3E-05	Time: 4.85s/it
Train Iter: 6900 Epoch: 46 [2208/2367 (94%)]	Loss: 0.441088	Grad Norm: 0.421408	LR: 3.3E-05	Time: 4.16s/it
--- Epoch 46 Summary ---
Average Training Loss: 0.392312
Average Grad Norm: 0.574703
Epoch Duration: 639.25s

--- Running Validation at Iteration 6909 ---
Validation Loss: 0.371315 (Duration: 22.71s)
Saving model and optimizer state at iteration 6909 to ./outdir_sweep/yk8jpwf1/checkpoint_6909
Checkpoint saved: ./outdir_sweep/yk8jpwf1/checkpoint_6909
Checking Early Stopping: Current Best Loss = 0.370966, New Loss = 0.371315
  Validation loss did not improve significantly (2/10).
--- Validation Complete ---
--- Epoch: 47 ---
Train Iter: 7000 Epoch: 47 [1456/2367 (62%)]	Loss: 0.396518	Grad Norm: 0.996103	LR: 3.3E-05	Time: 4.23s/it
--- Epoch 47 Summary ---
Average Training Loss: 0.393309
Average Grad Norm: 0.594684
Epoch Duration: 636.11s

--- Running Validation at Iteration 7056 ---
Validation Loss: 0.372008 (Duration: 22.74s)
Saving model and optimizer state at iteration 7056 to ./outdir_sweep/yk8jpwf1/checkpoint_7056
Checkpoint saved: ./outdir_sweep/yk8jpwf1/checkpoint_7056
Checking Early Stopping: Current Best Loss = 0.370966, New Loss = 0.372008
  Validation loss did not improve significantly (3/10).
--- Validation Complete ---
--- Epoch: 48 ---
Train Iter: 7100 Epoch: 48 [704/2367 (30%)]	Loss: 0.385095	Grad Norm: 0.821890	LR: 3.3E-05	Time: 4.20s/it
Train Iter: 7200 Epoch: 48 [2304/2367 (98%)]	Loss: 0.292067	Grad Norm: 0.451230	LR: 3.3E-05	Time: 5.30s/it
--- Epoch 48 Summary ---
Average Training Loss: 0.391039
Average Grad Norm: 0.623676
Epoch Duration: 641.55s

--- Running Validation at Iteration 7203 ---
Validation Loss: 0.370325 (Duration: 22.61s)
Saving model and optimizer state at iteration 7203 to ./outdir_sweep/yk8jpwf1/checkpoint_7203
Checkpoint saved: ./outdir_sweep/yk8jpwf1/checkpoint_7203
Checking Early Stopping: Current Best Loss = 0.370966, New Loss = 0.370325
Saving model and optimizer state at iteration 7203 to ./outdir_sweep/yk8jpwf1/checkpoint_best_iter_7203_loss_0.3703.pt
Checkpoint saved: ./outdir_sweep/yk8jpwf1/checkpoint_best_iter_7203_loss_0.3703.pt
  Validation loss improved! New best: 0.370325. Saved best model: ./outdir_sweep/yk8jpwf1/checkpoint_best_iter_7203_loss_0.3703.pt
--- Validation Complete ---
--- Epoch: 49 ---
Train Iter: 7300 Epoch: 49 [1552/2367 (66%)]	Loss: 0.354593	Grad Norm: 0.594490	LR: 3.3E-05	Time: 5.26s/it
--- Epoch 49 Summary ---
Average Training Loss: 0.386056
Average Grad Norm: 0.523868
Epoch Duration: 641.57s

--- Running Validation at Iteration 7350 ---
Validation Loss: 0.370600 (Duration: 22.48s)
Saving model and optimizer state at iteration 7350 to ./outdir_sweep/yk8jpwf1/checkpoint_7350
Checkpoint saved: ./outdir_sweep/yk8jpwf1/checkpoint_7350
Checking Early Stopping: Current Best Loss = 0.370325, New Loss = 0.370600
  Validation loss did not improve significantly (1/10).
--- Validation Complete ---
--- Epoch: 50 ---
Train Iter: 7400 Epoch: 50 [800/2367 (34%)]	Loss: 0.453658	Grad Norm: 0.447664	LR: 3.3E-05	Time: 3.53s/it
--- Epoch 50 Summary ---
Average Training Loss: 0.384766
Average Grad Norm: 0.535385
Epoch Duration: 643.65s

--- Running Validation at Iteration 7497 ---
Validation Loss: 0.371097 (Duration: 22.50s)
Saving model and optimizer state at iteration 7497 to ./outdir_sweep/yk8jpwf1/checkpoint_7497
Checkpoint saved: ./outdir_sweep/yk8jpwf1/checkpoint_7497
Checking Early Stopping: Current Best Loss = 0.370325, New Loss = 0.371097
  Validation loss did not improve significantly (2/10).
--- Validation Complete ---
--- Epoch: 51 ---
Train Iter: 7500 Epoch: 51 [48/2367 (2%)]	Loss: 0.388466	Grad Norm: 0.473993	LR: 3.3E-05	Time: 3.90s/it
Train Iter: 7600 Epoch: 51 [1648/2367 (70%)]	Loss: 0.361749	Grad Norm: 0.418064	LR: 3.3E-05	Time: 4.28s/it
--- Epoch 51 Summary ---
Average Training Loss: 0.384203
Average Grad Norm: 0.566664
Epoch Duration: 642.53s

--- Running Validation at Iteration 7644 ---
Validation Loss: 0.369017 (Duration: 22.57s)
Saving model and optimizer state at iteration 7644 to ./outdir_sweep/yk8jpwf1/checkpoint_7644
Checkpoint saved: ./outdir_sweep/yk8jpwf1/checkpoint_7644
Checking Early Stopping: Current Best Loss = 0.370325, New Loss = 0.369017
Saving model and optimizer state at iteration 7644 to ./outdir_sweep/yk8jpwf1/checkpoint_best_iter_7644_loss_0.3690.pt
Checkpoint saved: ./outdir_sweep/yk8jpwf1/checkpoint_best_iter_7644_loss_0.3690.pt
  Validation loss improved! New best: 0.369017. Saved best model: ./outdir_sweep/yk8jpwf1/checkpoint_best_iter_7644_loss_0.3690.pt
--- Validation Complete ---
--- Epoch: 52 ---
Train Iter: 7700 Epoch: 52 [896/2367 (38%)]	Loss: 0.345518	Grad Norm: 0.362850	LR: 3.3E-05	Time: 4.43s/it
--- Epoch 52 Summary ---
Average Training Loss: 0.381558
Average Grad Norm: 0.544227
Epoch Duration: 642.00s

--- Running Validation at Iteration 7791 ---
Validation Loss: 0.370096 (Duration: 22.59s)
Saving model and optimizer state at iteration 7791 to ./outdir_sweep/yk8jpwf1/checkpoint_7791
Checkpoint saved: ./outdir_sweep/yk8jpwf1/checkpoint_7791
Checking Early Stopping: Current Best Loss = 0.369017, New Loss = 0.370096
  Validation loss did not improve significantly (1/10).
--- Validation Complete ---
--- Epoch: 53 ---
Train Iter: 7800 Epoch: 53 [144/2367 (6%)]	Loss: 0.379201	Grad Norm: 0.526121	LR: 3.3E-05	Time: 4.62s/it
Train Iter: 7900 Epoch: 53 [1744/2367 (74%)]	Loss: 0.379712	Grad Norm: 0.839822	LR: 3.3E-05	Time: 3.67s/it
--- Epoch 53 Summary ---
Average Training Loss: 0.381217
Average Grad Norm: 0.558737
Epoch Duration: 644.10s

--- Running Validation at Iteration 7938 ---
Validation Loss: 0.368801 (Duration: 22.57s)
Saving model and optimizer state at iteration 7938 to ./outdir_sweep/yk8jpwf1/checkpoint_7938
Checkpoint saved: ./outdir_sweep/yk8jpwf1/checkpoint_7938
Checking Early Stopping: Current Best Loss = 0.369017, New Loss = 0.368801
Saving model and optimizer state at iteration 7938 to ./outdir_sweep/yk8jpwf1/checkpoint_best_iter_7938_loss_0.3688.pt
Checkpoint saved: ./outdir_sweep/yk8jpwf1/checkpoint_best_iter_7938_loss_0.3688.pt
  Validation loss improved! New best: 0.368801. Saved best model: ./outdir_sweep/yk8jpwf1/checkpoint_best_iter_7938_loss_0.3688.pt
--- Validation Complete ---
--- Epoch: 54 ---
Train Iter: 8000 Epoch: 54 [992/2367 (42%)]	Loss: 0.379741	Grad Norm: 0.525232	LR: 3.3E-05	Time: 4.19s/it
--- Epoch 54 Summary ---
Average Training Loss: 0.385907
Average Grad Norm: 0.617147
Epoch Duration: 635.99s

--- Running Validation at Iteration 8085 ---
Validation Loss: 0.370571 (Duration: 22.57s)
Saving model and optimizer state at iteration 8085 to ./outdir_sweep/yk8jpwf1/checkpoint_8085
Checkpoint saved: ./outdir_sweep/yk8jpwf1/checkpoint_8085
Checking Early Stopping: Current Best Loss = 0.368801, New Loss = 0.370571
  Validation loss did not improve significantly (1/10).
--- Validation Complete ---
--- Epoch: 55 ---
Train Iter: 8100 Epoch: 55 [240/2367 (10%)]	Loss: 0.375719	Grad Norm: 0.813937	LR: 3.3E-05	Time: 4.11s/it
Train Iter: 8200 Epoch: 55 [1840/2367 (78%)]	Loss: 0.272153	Grad Norm: 0.409907	LR: 3.3E-05	Time: 5.30s/it
--- Epoch 55 Summary ---
Average Training Loss: 0.381280
Average Grad Norm: 0.575895
Epoch Duration: 639.50s

--- Running Validation at Iteration 8232 ---
Validation Loss: 0.369433 (Duration: 22.47s)
Saving model and optimizer state at iteration 8232 to ./outdir_sweep/yk8jpwf1/checkpoint_8232
Checkpoint saved: ./outdir_sweep/yk8jpwf1/checkpoint_8232
Checking Early Stopping: Current Best Loss = 0.368801, New Loss = 0.369433
  Validation loss did not improve significantly (2/10).
--- Validation Complete ---
--- Epoch: 56 ---
Train Iter: 8300 Epoch: 56 [1088/2367 (46%)]	Loss: 0.315247	Grad Norm: 0.459000	LR: 3.3E-05	Time: 4.94s/it
--- Epoch 56 Summary ---
Average Training Loss: 0.383751
Average Grad Norm: 0.567316
Epoch Duration: 634.96s

--- Running Validation at Iteration 8379 ---
Validation Loss: 0.369910 (Duration: 22.65s)
Saving model and optimizer state at iteration 8379 to ./outdir_sweep/yk8jpwf1/checkpoint_8379
Checkpoint saved: ./outdir_sweep/yk8jpwf1/checkpoint_8379
Checking Early Stopping: Current Best Loss = 0.368801, New Loss = 0.369910
  Validation loss did not improve significantly (3/10).
--- Validation Complete ---
--- Epoch: 57 ---
Train Iter: 8400 Epoch: 57 [336/2367 (14%)]	Loss: 0.448797	Grad Norm: 0.504943	LR: 3.3E-05	Time: 4.01s/it
Train Iter: 8500 Epoch: 57 [1936/2367 (82%)]	Loss: 0.457714	Grad Norm: 0.453807	LR: 3.3E-05	Time: 3.83s/it
--- Epoch 57 Summary ---
Average Training Loss: 0.374160
Average Grad Norm: 0.540570
Epoch Duration: 646.98s

--- Running Validation at Iteration 8526 ---
Validation Loss: 0.368416 (Duration: 22.53s)
Saving model and optimizer state at iteration 8526 to ./outdir_sweep/yk8jpwf1/checkpoint_8526
Checkpoint saved: ./outdir_sweep/yk8jpwf1/checkpoint_8526
Checking Early Stopping: Current Best Loss = 0.368801, New Loss = 0.368416
Saving model and optimizer state at iteration 8526 to ./outdir_sweep/yk8jpwf1/checkpoint_best_iter_8526_loss_0.3684.pt
Checkpoint saved: ./outdir_sweep/yk8jpwf1/checkpoint_best_iter_8526_loss_0.3684.pt
  Validation loss improved! New best: 0.368416. Saved best model: ./outdir_sweep/yk8jpwf1/checkpoint_best_iter_8526_loss_0.3684.pt
--- Validation Complete ---
--- Epoch: 58 ---
Train Iter: 8600 Epoch: 58 [1184/2367 (50%)]	Loss: 0.311568	Grad Norm: 0.357898	LR: 3.3E-05	Time: 5.28s/it
--- Epoch 58 Summary ---
Average Training Loss: 0.376260
Average Grad Norm: 0.528631
Epoch Duration: 640.64s

--- Running Validation at Iteration 8673 ---
Validation Loss: 0.366016 (Duration: 22.57s)
Saving model and optimizer state at iteration 8673 to ./outdir_sweep/yk8jpwf1/checkpoint_8673
Checkpoint saved: ./outdir_sweep/yk8jpwf1/checkpoint_8673
Checking Early Stopping: Current Best Loss = 0.368416, New Loss = 0.366016
Saving model and optimizer state at iteration 8673 to ./outdir_sweep/yk8jpwf1/checkpoint_best_iter_8673_loss_0.3660.pt
Checkpoint saved: ./outdir_sweep/yk8jpwf1/checkpoint_best_iter_8673_loss_0.3660.pt
  Validation loss improved! New best: 0.366016. Saved best model: ./outdir_sweep/yk8jpwf1/checkpoint_best_iter_8673_loss_0.3660.pt
--- Validation Complete ---
--- Epoch: 59 ---
Train Iter: 8700 Epoch: 59 [432/2367 (18%)]	Loss: 0.466397	Grad Norm: 0.509981	LR: 3.3E-05	Time: 3.80s/it
Train Iter: 8800 Epoch: 59 [2032/2367 (86%)]	Loss: 0.369438	Grad Norm: 0.602670	LR: 3.3E-05	Time: 4.40s/it
--- Epoch 59 Summary ---
Average Training Loss: 0.375128
Average Grad Norm: 0.553595
Epoch Duration: 641.49s

--- Running Validation at Iteration 8820 ---
Validation Loss: 0.367848 (Duration: 22.56s)
Saving model and optimizer state at iteration 8820 to ./outdir_sweep/yk8jpwf1/checkpoint_8820
Checkpoint saved: ./outdir_sweep/yk8jpwf1/checkpoint_8820
Checking Early Stopping: Current Best Loss = 0.366016, New Loss = 0.367848
  Validation loss did not improve significantly (1/10).
--- Validation Complete ---
--- Epoch: 60 ---
Train Iter: 8900 Epoch: 60 [1280/2367 (54%)]	Loss: 0.346793	Grad Norm: 0.437597	LR: 3.3E-05	Time: 4.49s/it
--- Epoch 60 Summary ---
Average Training Loss: 0.374467
Average Grad Norm: 0.535547
Epoch Duration: 640.07s

--- Running Validation at Iteration 8967 ---
Validation Loss: 0.368201 (Duration: 22.50s)
Saving model and optimizer state at iteration 8967 to ./outdir_sweep/yk8jpwf1/checkpoint_8967
Checkpoint saved: ./outdir_sweep/yk8jpwf1/checkpoint_8967
Checking Early Stopping: Current Best Loss = 0.366016, New Loss = 0.368201
  Validation loss did not improve significantly (2/10).
--- Validation Complete ---
--- Epoch: 61 ---
Train Iter: 9000 Epoch: 61 [528/2367 (22%)]	Loss: 0.383501	Grad Norm: 0.536390	LR: 3.3E-05	Time: 4.06s/it
Train Iter: 9100 Epoch: 61 [2128/2367 (90%)]	Loss: 0.329400	Grad Norm: 0.510989	LR: 3.3E-05	Time: 4.95s/it
--- Epoch 61 Summary ---
Average Training Loss: 0.374140
Average Grad Norm: 0.535078
Epoch Duration: 641.00s

--- Running Validation at Iteration 9114 ---
Validation Loss: 0.367149 (Duration: 22.52s)
Saving model and optimizer state at iteration 9114 to ./outdir_sweep/yk8jpwf1/checkpoint_9114
Checkpoint saved: ./outdir_sweep/yk8jpwf1/checkpoint_9114
Checking Early Stopping: Current Best Loss = 0.366016, New Loss = 0.367149
  Validation loss did not improve significantly (3/10).
--- Validation Complete ---
--- Epoch: 62 ---
Train Iter: 9200 Epoch: 62 [1376/2367 (59%)]	Loss: 0.326017	Grad Norm: 0.536276	LR: 3.3E-05	Time: 4.80s/it
--- Epoch 62 Summary ---
Average Training Loss: 0.373975
Average Grad Norm: 0.588753
Epoch Duration: 642.95s

--- Running Validation at Iteration 9261 ---
Validation Loss: 0.366641 (Duration: 22.49s)
Saving model and optimizer state at iteration 9261 to ./outdir_sweep/yk8jpwf1/checkpoint_9261
Checkpoint saved: ./outdir_sweep/yk8jpwf1/checkpoint_9261
Checking Early Stopping: Current Best Loss = 0.366016, New Loss = 0.366641
  Validation loss did not improve significantly (4/10).
--- Validation Complete ---
--- Epoch: 63 ---
Train Iter: 9300 Epoch: 63 [624/2367 (27%)]	Loss: 0.281248	Grad Norm: 0.383887	LR: 3.3E-05	Time: 5.72s/it
Train Iter: 9400 Epoch: 63 [2224/2367 (95%)]	Loss: 0.411979	Grad Norm: 0.454555	LR: 3.3E-05	Time: 3.99s/it
--- Epoch 63 Summary ---
Average Training Loss: 0.368381
Average Grad Norm: 0.511783
Epoch Duration: 648.81s

--- Running Validation at Iteration 9408 ---
Validation Loss: 0.366765 (Duration: 22.71s)
Saving model and optimizer state at iteration 9408 to ./outdir_sweep/yk8jpwf1/checkpoint_9408
Checkpoint saved: ./outdir_sweep/yk8jpwf1/checkpoint_9408
Checking Early Stopping: Current Best Loss = 0.366016, New Loss = 0.366765
  Validation loss did not improve significantly (5/10).
--- Validation Complete ---
--- Epoch: 64 ---
Train Iter: 9500 Epoch: 64 [1472/2367 (63%)]	Loss: 0.404786	Grad Norm: 0.726509	LR: 3.3E-05	Time: 3.36s/it
--- Epoch 64 Summary ---
Average Training Loss: 0.375551
Average Grad Norm: 0.554151
Epoch Duration: 634.35s

--- Running Validation at Iteration 9555 ---
Validation Loss: 0.368344 (Duration: 22.68s)
Saving model and optimizer state at iteration 9555 to ./outdir_sweep/yk8jpwf1/checkpoint_9555
Checkpoint saved: ./outdir_sweep/yk8jpwf1/checkpoint_9555
Checking Early Stopping: Current Best Loss = 0.366016, New Loss = 0.368344
  Validation loss did not improve significantly (6/10).
--- Validation Complete ---
--- Epoch: 65 ---
Train Iter: 9600 Epoch: 65 [720/2367 (31%)]	Loss: 0.356858	Grad Norm: 0.420259	LR: 3.3E-05	Time: 3.68s/it
Train Iter: 9700 Epoch: 65 [2320/2367 (99%)]	Loss: 0.348224	Grad Norm: 0.369267	LR: 3.3E-05	Time: 4.83s/it
--- Epoch 65 Summary ---
Average Training Loss: 0.370804
Average Grad Norm: 0.540763
Epoch Duration: 641.55s

--- Running Validation at Iteration 9702 ---
Validation Loss: 0.367575 (Duration: 22.51s)
Saving model and optimizer state at iteration 9702 to ./outdir_sweep/yk8jpwf1/checkpoint_9702
Checkpoint saved: ./outdir_sweep/yk8jpwf1/checkpoint_9702
Checking Early Stopping: Current Best Loss = 0.366016, New Loss = 0.367575
  Validation loss did not improve significantly (7/10).
--- Validation Complete ---
--- Epoch: 66 ---
Train Iter: 9800 Epoch: 66 [1568/2367 (67%)]	Loss: 0.274576	Grad Norm: 0.311010	LR: 3.3E-05	Time: 5.28s/it
--- Epoch 66 Summary ---
Average Training Loss: 0.366012
Average Grad Norm: 0.501438
Epoch Duration: 644.99s

--- Running Validation at Iteration 9849 ---
Validation Loss: 0.366620 (Duration: 22.69s)
Saving model and optimizer state at iteration 9849 to ./outdir_sweep/yk8jpwf1/checkpoint_9849
Checkpoint saved: ./outdir_sweep/yk8jpwf1/checkpoint_9849
Checking Early Stopping: Current Best Loss = 0.366016, New Loss = 0.366620
  Validation loss did not improve significantly (8/10).
--- Validation Complete ---
--- Epoch: 67 ---
Train Iter: 9900 Epoch: 67 [816/2367 (35%)]	Loss: 0.310796	Grad Norm: 0.381562	LR: 3.3E-05	Time: 4.79s/it
--- Epoch 67 Summary ---
Average Training Loss: 0.369044
Average Grad Norm: 0.496170
Epoch Duration: 639.27s

--- Running Validation at Iteration 9996 ---
Validation Loss: 0.366699 (Duration: 22.73s)
Saving model and optimizer state at iteration 9996 to ./outdir_sweep/yk8jpwf1/checkpoint_9996
Checkpoint saved: ./outdir_sweep/yk8jpwf1/checkpoint_9996
Checking Early Stopping: Current Best Loss = 0.366016, New Loss = 0.366699
  Validation loss did not improve significantly (9/10).
--- Validation Complete ---
--- Epoch: 68 ---
Train Iter: 10000 Epoch: 68 [64/2367 (3%)]	Loss: 0.368972	Grad Norm: 0.400446	LR: 3.3E-05	Time: 3.81s/it
Train Iter: 10100 Epoch: 68 [1664/2367 (71%)]	Loss: 0.363300	Grad Norm: 0.449406	LR: 3.3E-05	Time: 4.18s/it
--- Epoch 68 Summary ---
Average Training Loss: 0.370610
Average Grad Norm: 0.524341
Epoch Duration: 634.45s

--- Running Validation at Iteration 10143 ---
Validation Loss: 0.366139 (Duration: 22.59s)
Saving model and optimizer state at iteration 10143 to ./outdir_sweep/yk8jpwf1/checkpoint_10143
Checkpoint saved: ./outdir_sweep/yk8jpwf1/checkpoint_10143
Checking Early Stopping: Current Best Loss = 0.366016, New Loss = 0.366139
  Validation loss did not improve significantly (10/10).
--- EARLY STOPPING TRIGGERED after 10 checks without improvement. ---
Epoch: 68, Iteration: 10143. Best Validation Loss: 0.366016
Best model saved at: ./outdir_sweep/yk8jpwf1/checkpoint_best_iter_8673_loss_0.3660.pt

=============== Training Finished ===============
Total Training Time: 45796.08s
Final best model checkpoint saved at: ./outdir_sweep/yk8jpwf1/checkpoint_best_iter_8673_loss_0.3660.pt
Saving model and optimizer state at iteration 10143 to ./outdir_sweep/yk8jpwf1/checkpoint_final_10143.pt
Checkpoint saved: ./outdir_sweep/yk8jpwf1/checkpoint_final_10143.pt
Final model state saved at: ./outdir_sweep/yk8jpwf1/checkpoint_final_10143.pt
=================================================

--- W&B Run olive-sweep-12 Finished Successfully ---
--- W&B Run olive-sweep-12 Finalized ---
W&B Agent (Sweep Run: 11) finished.
Sweep Run 11 completed at: Tue Apr 22 04:48:30 +04 2025
