--- Environment Info (Sweep Run: 8) ---
Hostname: cn002
GPU Info:
Mon Apr 21 12:31:35 2025       
+---------------------------------------------------------------------------------------+
| NVIDIA-SMI 535.129.03             Driver Version: 535.129.03   CUDA Version: 12.2     |
|-----------------------------------------+----------------------+----------------------+
| GPU  Name                 Persistence-M | Bus-Id        Disp.A | Volatile Uncorr. ECC |
| Fan  Temp   Perf          Pwr:Usage/Cap |         Memory-Usage | GPU-Util  Compute M. |
|                                         |                      |               MIG M. |
|=========================================+======================+======================|
|   0  NVIDIA A100-PCIE-40GB          Off | 00000000:25:00.0 Off |                    0 |
| N/A   30C    P0              35W / 250W |      4MiB / 40960MiB |      0%      Default |
|                                         |                      |             Disabled |
+-----------------------------------------+----------------------+----------------------+
                                                                                         
+---------------------------------------------------------------------------------------+
| Processes:                                                                            |
|  GPU   GI   CI        PID   Type   Process name                            GPU Memory |
|        ID   ID                                                             Usage      |
|=======================================================================================|
|  No running processes found                                                           |
+---------------------------------------------------------------------------------------+
CUDA Toolkit (nvcc):
nvcc not found
Loaded Modules:
Python Path: /home/md5121/.conda/envs/t2env/bin/python
PyTorch Info:
PyTorch Version: 1.10.2
CUDA available: True
CUDA version built with: 11.3
Device Count: 1
Current Device: 0
Device Name: NVIDIA A100-PCIE-40GB
Device Capability: (8, 0)
Arch List: ['sm_37', 'sm_50', 'sm_60', 'sm_61', 'sm_70', 'sm_75', 'sm_80', 'sm_86', 'compute_37']
-------------------------
no change     /share/apps/NYUAD5/miniconda/3-4.11.0/condabin/conda
no change     /share/apps/NYUAD5/miniconda/3-4.11.0/bin/conda
no change     /share/apps/NYUAD5/miniconda/3-4.11.0/bin/conda-env
no change     /share/apps/NYUAD5/miniconda/3-4.11.0/bin/activate
no change     /share/apps/NYUAD5/miniconda/3-4.11.0/bin/deactivate
no change     /share/apps/NYUAD5/miniconda/3-4.11.0/etc/profile.d/conda.sh
no change     /share/apps/NYUAD5/miniconda/3-4.11.0/etc/fish/conf.d/conda.fish
no change     /share/apps/NYUAD5/miniconda/3-4.11.0/shell/condabin/Conda.psm1
no change     /share/apps/NYUAD5/miniconda/3-4.11.0/shell/condabin/conda-hook.ps1
no change     /share/apps/NYUAD5/miniconda/3-4.11.0/lib/python3.9/site-packages/xontrib/conda.xsh
no change     /share/apps/NYUAD5/miniconda/3-4.11.0/etc/profile.d/conda.csh
no change     /home/md5121/.bashrc
No action taken.
Starting W&B agent (Sweep Run: 8)...
Using device: cuda
Python Paths: ['/scratch/md5121/okhatisathi/tacotron2', '/home/md5121/.conda/envs/t2env/lib/python36.zip', '/home/md5121/.conda/envs/t2env/lib/python3.6', '/home/md5121/.conda/envs/t2env/lib/python3.6/lib-dynload', '/home/md5121/.conda/envs/t2env/lib/python3.6/site-packages', '/home/md5121/.conda/envs/t2env/lib/python3.6/site-packages/IPython/extensions', '.']
Librosa version: 0.9.2
Base Output Directory for Sweeps: ./outdir_sweep
Training Files: ./filelists/train_list.txt
Validation Files: ./filelists/val_list.txt
Pretrained Checkpoint for Warm Start: tacotron2_statedict.pt
Successfully imported train function from train.py
Script started by W&B Agent (or directly without --test). Running sweep function...
--- Starting W&B Run: exalted-sweep-9 (ID: isrf7p9p) ---
Sweep Configuration for this run:
  Overriding hparams.batch_size: 32 -> 32
  Overriding hparams.early_stopping_patience: 10 -> 10
  Overriding hparams.learning_rate: 0.0001 -> 0.0007401977699602975
  Overriding hparams.p_attention_dropout: 0.1 -> 0.15
  Overriding hparams.p_decoder_dropout: 0.1 -> 0.15
  Overriding hparams.weight_decay: 1e-06 -> 1.0894030304527123e-06
Run-specific Output Directory: ./outdir_sweep/isrf7p9p

--- Final HParams for Training Run ---
  epochs: 200
  seed: 1234
  distributed_run: False
  n_gpus: 1
  rank: 0
  group_name: group_name
  cudnn_enabled: True
  cudnn_benchmark: False
  fp16_run: False
  load_mel_from_disk: False
  training_files: ./filelists/train_list.txt
  validation_files: ./filelists/val_list.txt
  text_cleaners: ['transliteration_cleaners']
  num_workers: 4
  pin_memory: True
  max_wav_value: 32768.0
  sampling_rate: 22050
  filter_length: 1024
  hop_length: 256
  win_length: 1024
  n_mel_channels: 80
  mel_fmin: 0.0
  mel_fmax: 8000.0
  n_symbols: 148
  symbols_embedding_dim: 512
  encoder_kernel_size: 5
  encoder_n_convolutions: 3
  encoder_embedding_dim: 512
  n_frames_per_step: 1
  decoder_rnn_dim: 1024
  prenet_dim: 256
  max_decoder_steps: 1000
  gate_threshold: 0.5
  p_attention_dropout: 0.15
  p_decoder_dropout: 0.15
  attention_rnn_dim: 1024
  attention_dim: 128
  attention_location_n_filters: 32
  attention_location_kernel_size: 31
  postnet_embedding_dim: 512
  postnet_kernel_size: 5
  postnet_n_convolutions: 5
  use_saved_learning_rate: False
  learning_rate: 0.0007401977699602975
  weight_decay: 1.0894030304527123e-06
  grad_clip_thresh: 1.0
  batch_size: 32
  mask_padding: True
  log_interval: 100
  iters_per_checkpoint: 1000
  early_stopping_patience: 10
  min_val_loss_delta: 0.0001
  ignore_layers: ['embedding.weight']
--------------------------------------

Calling train function...
TensorBoard Log directory: ./outdir_sweep/isrf7p9p/logs
Warm starting model from checkpoint 'tacotron2_statedict.pt'
  Applying warm start: Ignored 1 keys based on ignore_layers. Loading 83 keys.
Warm start complete. Optimizer and iteration count reset.
Starting training for 200 epochs...
--- Epoch: 0 ---
Train Iter: 0 Epoch: 0 [0/2367 (0%)]	Loss: 1.468882	Grad Norm: 10.990047	LR: 7.4E-04	Time: 6.71s/it
--- Epoch 0 Summary ---
Average Training Loss: 0.712961
Average Grad Norm: 2.377152
Epoch Duration: 359.53s

--- Running Validation at Iteration 73 ---
Validation Loss: 0.483406 (Duration: 13.44s)
Saving model and optimizer state at iteration 73 to ./outdir_sweep/isrf7p9p/checkpoint_73
Checkpoint saved: ./outdir_sweep/isrf7p9p/checkpoint_73
Checking Early Stopping: Current Best Loss = inf, New Loss = 0.483406
Saving model and optimizer state at iteration 73 to ./outdir_sweep/isrf7p9p/checkpoint_best_iter_73_loss_0.4834.pt
Checkpoint saved: ./outdir_sweep/isrf7p9p/checkpoint_best_iter_73_loss_0.4834.pt
  Validation loss improved! New best: 0.483406. Saved best model: ./outdir_sweep/isrf7p9p/checkpoint_best_iter_73_loss_0.4834.pt
--- Validation Complete ---
--- Epoch: 1 ---
Train Iter: 100 Epoch: 1 [864/2367 (37%)]	Loss: 0.557197	Grad Norm: 0.825671	LR: 7.4E-04	Time: 4.08s/it
--- Epoch 1 Summary ---
Average Training Loss: 0.505460
Average Grad Norm: 1.187888
Epoch Duration: 354.20s

--- Running Validation at Iteration 146 ---
Validation Loss: 0.431342 (Duration: 13.62s)
Saving model and optimizer state at iteration 146 to ./outdir_sweep/isrf7p9p/checkpoint_146
Checkpoint saved: ./outdir_sweep/isrf7p9p/checkpoint_146
Checking Early Stopping: Current Best Loss = 0.483406, New Loss = 0.431342
Saving model and optimizer state at iteration 146 to ./outdir_sweep/isrf7p9p/checkpoint_best_iter_146_loss_0.4313.pt
Checkpoint saved: ./outdir_sweep/isrf7p9p/checkpoint_best_iter_146_loss_0.4313.pt
  Validation loss improved! New best: 0.431342. Saved best model: ./outdir_sweep/isrf7p9p/checkpoint_best_iter_146_loss_0.4313.pt
--- Validation Complete ---
--- Epoch: 2 ---
Train Iter: 200 Epoch: 2 [1728/2367 (74%)]	Loss: 0.452575	Grad Norm: 2.274956	LR: 7.4E-04	Time: 5.00s/it
--- Epoch 2 Summary ---
Average Training Loss: 0.470615
Average Grad Norm: 1.348933
Epoch Duration: 357.79s

--- Running Validation at Iteration 219 ---
Validation Loss: 0.419337 (Duration: 13.40s)
Saving model and optimizer state at iteration 219 to ./outdir_sweep/isrf7p9p/checkpoint_219
Checkpoint saved: ./outdir_sweep/isrf7p9p/checkpoint_219
Checking Early Stopping: Current Best Loss = 0.431342, New Loss = 0.419337
Saving model and optimizer state at iteration 219 to ./outdir_sweep/isrf7p9p/checkpoint_best_iter_219_loss_0.4193.pt
Checkpoint saved: ./outdir_sweep/isrf7p9p/checkpoint_best_iter_219_loss_0.4193.pt
  Validation loss improved! New best: 0.419337. Saved best model: ./outdir_sweep/isrf7p9p/checkpoint_best_iter_219_loss_0.4193.pt
--- Validation Complete ---
--- Epoch: 3 ---
--- Epoch 3 Summary ---
Average Training Loss: 0.446504
Average Grad Norm: 0.984881
Epoch Duration: 362.22s

--- Running Validation at Iteration 292 ---
Validation Loss: 0.406952 (Duration: 13.39s)
Saving model and optimizer state at iteration 292 to ./outdir_sweep/isrf7p9p/checkpoint_292
Checkpoint saved: ./outdir_sweep/isrf7p9p/checkpoint_292
Checking Early Stopping: Current Best Loss = 0.419337, New Loss = 0.406952
Saving model and optimizer state at iteration 292 to ./outdir_sweep/isrf7p9p/checkpoint_best_iter_292_loss_0.4070.pt
Checkpoint saved: ./outdir_sweep/isrf7p9p/checkpoint_best_iter_292_loss_0.4070.pt
  Validation loss improved! New best: 0.406952. Saved best model: ./outdir_sweep/isrf7p9p/checkpoint_best_iter_292_loss_0.4070.pt
--- Validation Complete ---
--- Epoch: 4 ---
Train Iter: 300 Epoch: 4 [256/2367 (11%)]	Loss: 0.376836	Grad Norm: 0.388588	LR: 7.4E-04	Time: 5.01s/it
--- Epoch 4 Summary ---
Average Training Loss: 0.433350
Average Grad Norm: 1.073527
Epoch Duration: 358.67s

--- Running Validation at Iteration 365 ---
Validation Loss: 0.407147 (Duration: 13.44s)
Saving model and optimizer state at iteration 365 to ./outdir_sweep/isrf7p9p/checkpoint_365
Checkpoint saved: ./outdir_sweep/isrf7p9p/checkpoint_365
Checking Early Stopping: Current Best Loss = 0.406952, New Loss = 0.407147
  Validation loss did not improve significantly (1/10).
--- Validation Complete ---
--- Epoch: 5 ---
Train Iter: 400 Epoch: 5 [1120/2367 (48%)]	Loss: 0.451979	Grad Norm: 0.632109	LR: 7.4E-04	Time: 4.32s/it
--- Epoch 5 Summary ---
Average Training Loss: 0.421930
Average Grad Norm: 1.365569
Epoch Duration: 359.97s

--- Running Validation at Iteration 438 ---
Validation Loss: 0.380628 (Duration: 13.47s)
Saving model and optimizer state at iteration 438 to ./outdir_sweep/isrf7p9p/checkpoint_438
Checkpoint saved: ./outdir_sweep/isrf7p9p/checkpoint_438
Checking Early Stopping: Current Best Loss = 0.406952, New Loss = 0.380628
Saving model and optimizer state at iteration 438 to ./outdir_sweep/isrf7p9p/checkpoint_best_iter_438_loss_0.3806.pt
Checkpoint saved: ./outdir_sweep/isrf7p9p/checkpoint_best_iter_438_loss_0.3806.pt
  Validation loss improved! New best: 0.380628. Saved best model: ./outdir_sweep/isrf7p9p/checkpoint_best_iter_438_loss_0.3806.pt
--- Validation Complete ---
--- Epoch: 6 ---
Train Iter: 500 Epoch: 6 [1984/2367 (85%)]	Loss: 0.411907	Grad Norm: 0.389340	LR: 7.4E-04	Time: 5.89s/it
--- Epoch 6 Summary ---
Average Training Loss: 0.401379
Average Grad Norm: 0.772278
Epoch Duration: 362.22s

--- Running Validation at Iteration 511 ---
Validation Loss: 0.370328 (Duration: 13.42s)
Saving model and optimizer state at iteration 511 to ./outdir_sweep/isrf7p9p/checkpoint_511
Checkpoint saved: ./outdir_sweep/isrf7p9p/checkpoint_511
Checking Early Stopping: Current Best Loss = 0.380628, New Loss = 0.370328
Saving model and optimizer state at iteration 511 to ./outdir_sweep/isrf7p9p/checkpoint_best_iter_511_loss_0.3703.pt
Checkpoint saved: ./outdir_sweep/isrf7p9p/checkpoint_best_iter_511_loss_0.3703.pt
  Validation loss improved! New best: 0.370328. Saved best model: ./outdir_sweep/isrf7p9p/checkpoint_best_iter_511_loss_0.3703.pt
--- Validation Complete ---
--- Epoch: 7 ---
--- Epoch 7 Summary ---
Average Training Loss: 0.401121
Average Grad Norm: 1.071417
Epoch Duration: 356.96s

--- Running Validation at Iteration 584 ---
Validation Loss: 0.371319 (Duration: 13.46s)
Saving model and optimizer state at iteration 584 to ./outdir_sweep/isrf7p9p/checkpoint_584
Checkpoint saved: ./outdir_sweep/isrf7p9p/checkpoint_584
Checking Early Stopping: Current Best Loss = 0.370328, New Loss = 0.371319
  Validation loss did not improve significantly (1/10).
--- Validation Complete ---
--- Epoch: 8 ---
Train Iter: 600 Epoch: 8 [512/2367 (22%)]	Loss: 0.381049	Grad Norm: 0.452424	LR: 7.4E-04	Time: 4.20s/it
--- Epoch 8 Summary ---
Average Training Loss: 0.377652
Average Grad Norm: 0.690100
Epoch Duration: 367.62s

--- Running Validation at Iteration 657 ---
Validation Loss: 0.365418 (Duration: 13.51s)
Saving model and optimizer state at iteration 657 to ./outdir_sweep/isrf7p9p/checkpoint_657
Checkpoint saved: ./outdir_sweep/isrf7p9p/checkpoint_657
Checking Early Stopping: Current Best Loss = 0.370328, New Loss = 0.365418
Saving model and optimizer state at iteration 657 to ./outdir_sweep/isrf7p9p/checkpoint_best_iter_657_loss_0.3654.pt
Checkpoint saved: ./outdir_sweep/isrf7p9p/checkpoint_best_iter_657_loss_0.3654.pt
  Validation loss improved! New best: 0.365418. Saved best model: ./outdir_sweep/isrf7p9p/checkpoint_best_iter_657_loss_0.3654.pt
--- Validation Complete ---
--- Epoch: 9 ---
Train Iter: 700 Epoch: 9 [1376/2367 (59%)]	Loss: 0.408372	Grad Norm: 2.313780	LR: 7.4E-04	Time: 4.70s/it
--- Epoch 9 Summary ---
Average Training Loss: 0.377904
Average Grad Norm: 0.843711
Epoch Duration: 361.33s

--- Running Validation at Iteration 730 ---
Validation Loss: 0.354704 (Duration: 13.40s)
Saving model and optimizer state at iteration 730 to ./outdir_sweep/isrf7p9p/checkpoint_730
Checkpoint saved: ./outdir_sweep/isrf7p9p/checkpoint_730
Checking Early Stopping: Current Best Loss = 0.365418, New Loss = 0.354704
Saving model and optimizer state at iteration 730 to ./outdir_sweep/isrf7p9p/checkpoint_best_iter_730_loss_0.3547.pt
Checkpoint saved: ./outdir_sweep/isrf7p9p/checkpoint_best_iter_730_loss_0.3547.pt
  Validation loss improved! New best: 0.354704. Saved best model: ./outdir_sweep/isrf7p9p/checkpoint_best_iter_730_loss_0.3547.pt
--- Validation Complete ---
--- Epoch: 10 ---
Train Iter: 800 Epoch: 10 [2240/2367 (96%)]	Loss: 0.372116	Grad Norm: 0.610054	LR: 7.4E-04	Time: 4.57s/it
--- Epoch 10 Summary ---
Average Training Loss: 0.371217
Average Grad Norm: 0.627887
Epoch Duration: 358.72s

--- Running Validation at Iteration 803 ---
Validation Loss: 0.351056 (Duration: 13.42s)
Saving model and optimizer state at iteration 803 to ./outdir_sweep/isrf7p9p/checkpoint_803
Checkpoint saved: ./outdir_sweep/isrf7p9p/checkpoint_803
Checking Early Stopping: Current Best Loss = 0.354704, New Loss = 0.351056
Saving model and optimizer state at iteration 803 to ./outdir_sweep/isrf7p9p/checkpoint_best_iter_803_loss_0.3511.pt
Checkpoint saved: ./outdir_sweep/isrf7p9p/checkpoint_best_iter_803_loss_0.3511.pt
  Validation loss improved! New best: 0.351056. Saved best model: ./outdir_sweep/isrf7p9p/checkpoint_best_iter_803_loss_0.3511.pt
--- Validation Complete ---
--- Epoch: 11 ---
--- Epoch 11 Summary ---
Average Training Loss: 0.371752
Average Grad Norm: 0.800787
Epoch Duration: 354.34s

--- Running Validation at Iteration 876 ---
Validation Loss: 0.353550 (Duration: 13.56s)
Saving model and optimizer state at iteration 876 to ./outdir_sweep/isrf7p9p/checkpoint_876
Checkpoint saved: ./outdir_sweep/isrf7p9p/checkpoint_876
Checking Early Stopping: Current Best Loss = 0.351056, New Loss = 0.353550
  Validation loss did not improve significantly (1/10).
--- Validation Complete ---
--- Epoch: 12 ---
Train Iter: 900 Epoch: 12 [768/2367 (33%)]	Loss: 0.274585	Grad Norm: 1.059299	LR: 7.4E-04	Time: 6.34s/it
--- Epoch 12 Summary ---
Average Training Loss: 0.360315
Average Grad Norm: 0.680770
Epoch Duration: 357.58s

--- Running Validation at Iteration 949 ---
Validation Loss: 0.344700 (Duration: 13.42s)
Saving model and optimizer state at iteration 949 to ./outdir_sweep/isrf7p9p/checkpoint_949
Checkpoint saved: ./outdir_sweep/isrf7p9p/checkpoint_949
Checking Early Stopping: Current Best Loss = 0.351056, New Loss = 0.344700
Saving model and optimizer state at iteration 949 to ./outdir_sweep/isrf7p9p/checkpoint_best_iter_949_loss_0.3447.pt
Checkpoint saved: ./outdir_sweep/isrf7p9p/checkpoint_best_iter_949_loss_0.3447.pt
  Validation loss improved! New best: 0.344700. Saved best model: ./outdir_sweep/isrf7p9p/checkpoint_best_iter_949_loss_0.3447.pt
--- Validation Complete ---
--- Epoch: 13 ---
Train Iter: 1000 Epoch: 13 [1632/2367 (70%)]	Loss: 0.388560	Grad Norm: 0.428734	LR: 7.4E-04	Time: 3.89s/it
--- Epoch 13 Summary ---
Average Training Loss: 0.356770
Average Grad Norm: 0.626648
Epoch Duration: 355.74s

--- Running Validation at Iteration 1022 ---
Validation Loss: 0.343953 (Duration: 13.42s)
Saving model and optimizer state at iteration 1022 to ./outdir_sweep/isrf7p9p/checkpoint_1022
Checkpoint saved: ./outdir_sweep/isrf7p9p/checkpoint_1022
Checking Early Stopping: Current Best Loss = 0.344700, New Loss = 0.343953
Saving model and optimizer state at iteration 1022 to ./outdir_sweep/isrf7p9p/checkpoint_best_iter_1022_loss_0.3440.pt
Checkpoint saved: ./outdir_sweep/isrf7p9p/checkpoint_best_iter_1022_loss_0.3440.pt
  Validation loss improved! New best: 0.343953. Saved best model: ./outdir_sweep/isrf7p9p/checkpoint_best_iter_1022_loss_0.3440.pt
--- Validation Complete ---
--- Epoch: 14 ---
--- Epoch 14 Summary ---
Average Training Loss: 0.350539
Average Grad Norm: 0.480447
Epoch Duration: 359.10s

--- Running Validation at Iteration 1095 ---
Validation Loss: 0.345405 (Duration: 13.47s)
Saving model and optimizer state at iteration 1095 to ./outdir_sweep/isrf7p9p/checkpoint_1095
Checkpoint saved: ./outdir_sweep/isrf7p9p/checkpoint_1095
Checking Early Stopping: Current Best Loss = 0.343953, New Loss = 0.345405
  Validation loss did not improve significantly (1/10).
--- Validation Complete ---
--- Epoch: 15 ---
Train Iter: 1100 Epoch: 15 [160/2367 (7%)]	Loss: 0.305484	Grad Norm: 0.891152	LR: 7.4E-04	Time: 5.92s/it
--- Epoch 15 Summary ---
Average Training Loss: 0.344290
Average Grad Norm: 0.628799
Epoch Duration: 361.67s

--- Running Validation at Iteration 1168 ---
Validation Loss: 0.355867 (Duration: 13.44s)
Saving model and optimizer state at iteration 1168 to ./outdir_sweep/isrf7p9p/checkpoint_1168
Checkpoint saved: ./outdir_sweep/isrf7p9p/checkpoint_1168
Checking Early Stopping: Current Best Loss = 0.343953, New Loss = 0.355867
  Validation loss did not improve significantly (2/10).
--- Validation Complete ---
--- Epoch: 16 ---
Train Iter: 1200 Epoch: 16 [1024/2367 (44%)]	Loss: 0.245231	Grad Norm: 0.268806	LR: 7.4E-04	Time: 6.11s/it
--- Epoch 16 Summary ---
Average Training Loss: 0.348034
Average Grad Norm: 0.685637
Epoch Duration: 362.73s

--- Running Validation at Iteration 1241 ---
Validation Loss: 0.343684 (Duration: 13.41s)
Saving model and optimizer state at iteration 1241 to ./outdir_sweep/isrf7p9p/checkpoint_1241
Checkpoint saved: ./outdir_sweep/isrf7p9p/checkpoint_1241
Checking Early Stopping: Current Best Loss = 0.343953, New Loss = 0.343684
Saving model and optimizer state at iteration 1241 to ./outdir_sweep/isrf7p9p/checkpoint_best_iter_1241_loss_0.3437.pt
Checkpoint saved: ./outdir_sweep/isrf7p9p/checkpoint_best_iter_1241_loss_0.3437.pt
  Validation loss improved! New best: 0.343684. Saved best model: ./outdir_sweep/isrf7p9p/checkpoint_best_iter_1241_loss_0.3437.pt
--- Validation Complete ---
--- Epoch: 17 ---
Train Iter: 1300 Epoch: 17 [1888/2367 (81%)]	Loss: 0.305940	Grad Norm: 0.284482	LR: 7.4E-04	Time: 5.16s/it
--- Epoch 17 Summary ---
Average Training Loss: 0.336284
Average Grad Norm: 0.693123
Epoch Duration: 362.93s

--- Running Validation at Iteration 1314 ---
Validation Loss: 0.340408 (Duration: 13.42s)
Saving model and optimizer state at iteration 1314 to ./outdir_sweep/isrf7p9p/checkpoint_1314
Checkpoint saved: ./outdir_sweep/isrf7p9p/checkpoint_1314
Checking Early Stopping: Current Best Loss = 0.343684, New Loss = 0.340408
Saving model and optimizer state at iteration 1314 to ./outdir_sweep/isrf7p9p/checkpoint_best_iter_1314_loss_0.3404.pt
Checkpoint saved: ./outdir_sweep/isrf7p9p/checkpoint_best_iter_1314_loss_0.3404.pt
  Validation loss improved! New best: 0.340408. Saved best model: ./outdir_sweep/isrf7p9p/checkpoint_best_iter_1314_loss_0.3404.pt
--- Validation Complete ---
--- Epoch: 18 ---
--- Epoch 18 Summary ---
Average Training Loss: 0.335157
Average Grad Norm: 0.554267
Epoch Duration: 359.96s

--- Running Validation at Iteration 1387 ---
Validation Loss: 0.338206 (Duration: 13.41s)
Saving model and optimizer state at iteration 1387 to ./outdir_sweep/isrf7p9p/checkpoint_1387
Checkpoint saved: ./outdir_sweep/isrf7p9p/checkpoint_1387
Checking Early Stopping: Current Best Loss = 0.340408, New Loss = 0.338206
Saving model and optimizer state at iteration 1387 to ./outdir_sweep/isrf7p9p/checkpoint_best_iter_1387_loss_0.3382.pt
Checkpoint saved: ./outdir_sweep/isrf7p9p/checkpoint_best_iter_1387_loss_0.3382.pt
  Validation loss improved! New best: 0.338206. Saved best model: ./outdir_sweep/isrf7p9p/checkpoint_best_iter_1387_loss_0.3382.pt
--- Validation Complete ---
--- Epoch: 19 ---
Train Iter: 1400 Epoch: 19 [416/2367 (18%)]	Loss: 0.240533	Grad Norm: 0.365067	LR: 7.4E-04	Time: 6.07s/it
--- Epoch 19 Summary ---
Average Training Loss: 0.328010
Average Grad Norm: 0.552272
Epoch Duration: 362.41s

--- Running Validation at Iteration 1460 ---
Validation Loss: 0.340811 (Duration: 13.42s)
Saving model and optimizer state at iteration 1460 to ./outdir_sweep/isrf7p9p/checkpoint_1460
Checkpoint saved: ./outdir_sweep/isrf7p9p/checkpoint_1460
Checking Early Stopping: Current Best Loss = 0.338206, New Loss = 0.340811
  Validation loss did not improve significantly (1/10).
--- Validation Complete ---
--- Epoch: 20 ---
Train Iter: 1500 Epoch: 20 [1280/2367 (55%)]	Loss: 0.312172	Grad Norm: 0.495927	LR: 7.4E-04	Time: 5.95s/it
--- Epoch 20 Summary ---
Average Training Loss: 0.348323
Average Grad Norm: 1.340758
Epoch Duration: 362.24s

--- Running Validation at Iteration 1533 ---
Validation Loss: 0.351722 (Duration: 13.37s)
Saving model and optimizer state at iteration 1533 to ./outdir_sweep/isrf7p9p/checkpoint_1533
Checkpoint saved: ./outdir_sweep/isrf7p9p/checkpoint_1533
Checking Early Stopping: Current Best Loss = 0.338206, New Loss = 0.351722
  Validation loss did not improve significantly (2/10).
--- Validation Complete ---
--- Epoch: 21 ---
Train Iter: 1600 Epoch: 21 [2144/2367 (92%)]	Loss: 0.316531	Grad Norm: 0.422519	LR: 7.4E-04	Time: 4.89s/it
--- Epoch 21 Summary ---
Average Training Loss: 0.334223
Average Grad Norm: 0.504919
Epoch Duration: 359.99s

--- Running Validation at Iteration 1606 ---
Validation Loss: 0.339161 (Duration: 13.49s)
Saving model and optimizer state at iteration 1606 to ./outdir_sweep/isrf7p9p/checkpoint_1606
Checkpoint saved: ./outdir_sweep/isrf7p9p/checkpoint_1606
Checking Early Stopping: Current Best Loss = 0.338206, New Loss = 0.339161
  Validation loss did not improve significantly (3/10).
--- Validation Complete ---
--- Epoch: 22 ---
--- Epoch 22 Summary ---
Average Training Loss: 0.326784
Average Grad Norm: 0.471170
Epoch Duration: 358.32s

--- Running Validation at Iteration 1679 ---
Validation Loss: 0.337843 (Duration: 13.43s)
Saving model and optimizer state at iteration 1679 to ./outdir_sweep/isrf7p9p/checkpoint_1679
Checkpoint saved: ./outdir_sweep/isrf7p9p/checkpoint_1679
Checking Early Stopping: Current Best Loss = 0.338206, New Loss = 0.337843
Saving model and optimizer state at iteration 1679 to ./outdir_sweep/isrf7p9p/checkpoint_best_iter_1679_loss_0.3378.pt
Checkpoint saved: ./outdir_sweep/isrf7p9p/checkpoint_best_iter_1679_loss_0.3378.pt
  Validation loss improved! New best: 0.337843. Saved best model: ./outdir_sweep/isrf7p9p/checkpoint_best_iter_1679_loss_0.3378.pt
--- Validation Complete ---
--- Epoch: 23 ---
Train Iter: 1700 Epoch: 23 [672/2367 (29%)]	Loss: 0.370860	Grad Norm: 0.434020	LR: 7.4E-04	Time: 4.19s/it
--- Epoch 23 Summary ---
Average Training Loss: 0.318574
Average Grad Norm: 0.461879
Epoch Duration: 362.99s

--- Running Validation at Iteration 1752 ---
Validation Loss: 0.335848 (Duration: 13.46s)
Saving model and optimizer state at iteration 1752 to ./outdir_sweep/isrf7p9p/checkpoint_1752
Checkpoint saved: ./outdir_sweep/isrf7p9p/checkpoint_1752
Checking Early Stopping: Current Best Loss = 0.337843, New Loss = 0.335848
Saving model and optimizer state at iteration 1752 to ./outdir_sweep/isrf7p9p/checkpoint_best_iter_1752_loss_0.3358.pt
Checkpoint saved: ./outdir_sweep/isrf7p9p/checkpoint_best_iter_1752_loss_0.3358.pt
  Validation loss improved! New best: 0.335848. Saved best model: ./outdir_sweep/isrf7p9p/checkpoint_best_iter_1752_loss_0.3358.pt
--- Validation Complete ---
--- Epoch: 24 ---
Train Iter: 1800 Epoch: 24 [1536/2367 (66%)]	Loss: 0.330379	Grad Norm: 0.540004	LR: 7.4E-04	Time: 4.97s/it
--- Epoch 24 Summary ---
Average Training Loss: 0.313948
Average Grad Norm: 0.417476
Epoch Duration: 362.45s

--- Running Validation at Iteration 1825 ---
Validation Loss: 0.339578 (Duration: 13.39s)
Saving model and optimizer state at iteration 1825 to ./outdir_sweep/isrf7p9p/checkpoint_1825
Checkpoint saved: ./outdir_sweep/isrf7p9p/checkpoint_1825
Checking Early Stopping: Current Best Loss = 0.335848, New Loss = 0.339578
  Validation loss did not improve significantly (1/10).
--- Validation Complete ---
--- Epoch: 25 ---
--- Epoch 25 Summary ---
Average Training Loss: 0.315020
Average Grad Norm: 0.450588
Epoch Duration: 360.69s

--- Running Validation at Iteration 1898 ---
Validation Loss: 0.342621 (Duration: 13.45s)
Saving model and optimizer state at iteration 1898 to ./outdir_sweep/isrf7p9p/checkpoint_1898
Checkpoint saved: ./outdir_sweep/isrf7p9p/checkpoint_1898
Checking Early Stopping: Current Best Loss = 0.335848, New Loss = 0.342621
  Validation loss did not improve significantly (2/10).
--- Validation Complete ---
--- Epoch: 26 ---
Train Iter: 1900 Epoch: 26 [64/2367 (3%)]	Loss: 0.280104	Grad Norm: 0.310183	LR: 7.4E-04	Time: 5.32s/it
--- Epoch 26 Summary ---
Average Training Loss: 0.308087
Average Grad Norm: 0.479547
Epoch Duration: 364.97s

--- Running Validation at Iteration 1971 ---
Validation Loss: 0.338806 (Duration: 13.57s)
Saving model and optimizer state at iteration 1971 to ./outdir_sweep/isrf7p9p/checkpoint_1971
Checkpoint saved: ./outdir_sweep/isrf7p9p/checkpoint_1971
Checking Early Stopping: Current Best Loss = 0.335848, New Loss = 0.338806
  Validation loss did not improve significantly (3/10).
--- Validation Complete ---
--- Epoch: 27 ---
Train Iter: 2000 Epoch: 27 [928/2367 (40%)]	Loss: 0.287562	Grad Norm: 0.259238	LR: 7.4E-04	Time: 5.43s/it
--- Epoch 27 Summary ---
Average Training Loss: 0.313275
Average Grad Norm: 0.626915
Epoch Duration: 357.21s

--- Running Validation at Iteration 2044 ---
Validation Loss: 0.341927 (Duration: 13.44s)
Saving model and optimizer state at iteration 2044 to ./outdir_sweep/isrf7p9p/checkpoint_2044
Checkpoint saved: ./outdir_sweep/isrf7p9p/checkpoint_2044
Checking Early Stopping: Current Best Loss = 0.335848, New Loss = 0.341927
  Validation loss did not improve significantly (4/10).
--- Validation Complete ---
--- Epoch: 28 ---
Train Iter: 2100 Epoch: 28 [1792/2367 (77%)]	Loss: 0.225790	Grad Norm: 0.190921	LR: 7.4E-04	Time: 6.45s/it
--- Epoch 28 Summary ---
Average Training Loss: 0.308951
Average Grad Norm: 0.461447
Epoch Duration: 359.29s

--- Running Validation at Iteration 2117 ---
Validation Loss: 0.340118 (Duration: 13.59s)
Saving model and optimizer state at iteration 2117 to ./outdir_sweep/isrf7p9p/checkpoint_2117
Checkpoint saved: ./outdir_sweep/isrf7p9p/checkpoint_2117
Checking Early Stopping: Current Best Loss = 0.335848, New Loss = 0.340118
  Validation loss did not improve significantly (5/10).
--- Validation Complete ---
--- Epoch: 29 ---
--- Epoch 29 Summary ---
Average Training Loss: 0.306749
Average Grad Norm: 0.459277
Epoch Duration: 360.40s

--- Running Validation at Iteration 2190 ---
Validation Loss: 0.354206 (Duration: 13.48s)
Saving model and optimizer state at iteration 2190 to ./outdir_sweep/isrf7p9p/checkpoint_2190
Checkpoint saved: ./outdir_sweep/isrf7p9p/checkpoint_2190
Checking Early Stopping: Current Best Loss = 0.335848, New Loss = 0.354206
  Validation loss did not improve significantly (6/10).
--- Validation Complete ---
--- Epoch: 30 ---
Train Iter: 2200 Epoch: 30 [320/2367 (14%)]	Loss: 0.289956	Grad Norm: 1.086483	LR: 7.4E-04	Time: 5.30s/it
--- Epoch 30 Summary ---
Average Training Loss: 0.335398
Average Grad Norm: 0.723136
Epoch Duration: 360.06s

--- Running Validation at Iteration 2263 ---
Validation Loss: 0.347166 (Duration: 13.46s)
Saving model and optimizer state at iteration 2263 to ./outdir_sweep/isrf7p9p/checkpoint_2263
Checkpoint saved: ./outdir_sweep/isrf7p9p/checkpoint_2263
Checking Early Stopping: Current Best Loss = 0.335848, New Loss = 0.347166
  Validation loss did not improve significantly (7/10).
--- Validation Complete ---
--- Epoch: 31 ---
Train Iter: 2300 Epoch: 31 [1184/2367 (51%)]	Loss: 0.318332	Grad Norm: 0.722473	LR: 7.4E-04	Time: 4.56s/it
--- Epoch 31 Summary ---
Average Training Loss: 0.311844
Average Grad Norm: 0.407037
Epoch Duration: 355.93s

--- Running Validation at Iteration 2336 ---
Validation Loss: 0.347332 (Duration: 13.46s)
Saving model and optimizer state at iteration 2336 to ./outdir_sweep/isrf7p9p/checkpoint_2336
Checkpoint saved: ./outdir_sweep/isrf7p9p/checkpoint_2336
Checking Early Stopping: Current Best Loss = 0.335848, New Loss = 0.347332
  Validation loss did not improve significantly (8/10).
--- Validation Complete ---
--- Epoch: 32 ---
Train Iter: 2400 Epoch: 32 [2048/2367 (88%)]	Loss: 0.336954	Grad Norm: 0.637048	LR: 7.4E-04	Time: 4.08s/it
--- Epoch 32 Summary ---
Average Training Loss: 0.305780
Average Grad Norm: 0.382470
Epoch Duration: 358.10s

--- Running Validation at Iteration 2409 ---
Validation Loss: 0.336735 (Duration: 13.40s)
Saving model and optimizer state at iteration 2409 to ./outdir_sweep/isrf7p9p/checkpoint_2409
Checkpoint saved: ./outdir_sweep/isrf7p9p/checkpoint_2409
Checking Early Stopping: Current Best Loss = 0.335848, New Loss = 0.336735
  Validation loss did not improve significantly (9/10).
--- Validation Complete ---
--- Epoch: 33 ---
--- Epoch 33 Summary ---
Average Training Loss: 0.296147
Average Grad Norm: 0.388658
Epoch Duration: 364.05s

--- Running Validation at Iteration 2482 ---
Validation Loss: 0.343772 (Duration: 13.41s)
Saving model and optimizer state at iteration 2482 to ./outdir_sweep/isrf7p9p/checkpoint_2482
Checkpoint saved: ./outdir_sweep/isrf7p9p/checkpoint_2482
Checking Early Stopping: Current Best Loss = 0.335848, New Loss = 0.343772
  Validation loss did not improve significantly (10/10).
--- EARLY STOPPING TRIGGERED after 10 checks without improvement. ---
Epoch: 33, Iteration: 2482. Best Validation Loss: 0.335848
Best model saved at: ./outdir_sweep/isrf7p9p/checkpoint_best_iter_1752_loss_0.3358.pt

=============== Training Finished ===============
Total Training Time: 12727.17s
Final best model checkpoint saved at: ./outdir_sweep/isrf7p9p/checkpoint_best_iter_1752_loss_0.3358.pt
Saving model and optimizer state at iteration 2482 to ./outdir_sweep/isrf7p9p/checkpoint_final_2482.pt
Checkpoint saved: ./outdir_sweep/isrf7p9p/checkpoint_final_2482.pt
Final model state saved at: ./outdir_sweep/isrf7p9p/checkpoint_final_2482.pt
=================================================

--- W&B Run exalted-sweep-9 Finished Successfully ---
--- W&B Run exalted-sweep-9 Finalized ---
W&B Agent (Sweep Run: 8) finished.
Sweep Run 8 completed at: Mon Apr 21 16:04:27 +04 2025
